2026-01-24 22:58:26 - INFO - ============================================================
2026-01-24 22:58:26 - INFO - STARTING AUTOMATED DATA UPDATE
2026-01-24 22:58:26 - INFO - ============================================================
2026-01-24 22:58:26 - INFO - STEP 1: Updating Game Statistics...
2026-01-24 22:58:26 - INFO - >>> Stats update completed successfully.
2026-01-24 22:58:26 - INFO - STEP 2: Updating NBA News...
2026-01-24 22:58:49 - INFO - >>> News update completed.
2026-01-24 22:58:49 - INFO - STEP 3: Embedding News Articles...
2026-01-24 22:58:49 - INFO - Creating HNSW index for faster similarity searches...
2026-01-24 22:58:49 - WARNING - Could not create HNSW index: ´íÎó:  column does not have dimensions

2026-01-24 22:58:49 - INFO - Trying IVF index instead...
2026-01-24 22:58:49 - WARNING - Could not create IVF index: ´íÎó:  column does not have dimensions

2026-01-24 22:58:49 - INFO - Continuing without index. Searches will be slower.
2026-01-24 22:58:49 - INFO - Database setup complete
2026-01-24 22:58:51 - INFO - Found 82 news articles without embeddings
2026-01-24 22:58:51 - INFO - Processing batch 1/5 (0/82)
2026-01-24 22:58:56 - INFO - Updated news ID 8750 with embedding
2026-01-24 22:58:59 - INFO - Updated news ID 8751 with embedding
2026-01-24 22:59:01 - INFO - Updated news ID 8752 with embedding
2026-01-24 22:59:04 - INFO - Updated news ID 8712 with embedding
2026-01-24 22:59:07 - INFO - Updated news ID 8713 with embedding
2026-01-24 22:59:10 - INFO - Updated news ID 8722 with embedding
2026-01-24 22:59:13 - INFO - Updated news ID 8697 with embedding
2026-01-24 22:59:16 - INFO - Updated news ID 8698 with embedding
2026-01-24 22:59:19 - INFO - Updated news ID 8699 with embedding
2026-01-24 22:59:21 - INFO - Updated news ID 8746 with embedding
2026-01-24 22:59:24 - INFO - Updated news ID 8747 with embedding
2026-01-24 22:59:27 - INFO - Updated news ID 8700 with embedding
2026-01-24 22:59:30 - INFO - Updated news ID 8701 with embedding
2026-01-24 22:59:33 - INFO - Updated news ID 8702 with embedding
2026-01-24 22:59:35 - INFO - Updated news ID 8703 with embedding
2026-01-24 22:59:38 - INFO - Updated news ID 8704 with embedding
2026-01-24 22:59:41 - INFO - Updated news ID 8705 with embedding
2026-01-24 22:59:44 - INFO - Updated news ID 8706 with embedding
2026-01-24 22:59:47 - INFO - Updated news ID 8707 with embedding
2026-01-24 22:59:49 - INFO - Updated news ID 8708 with embedding
2026-01-24 22:59:50 - INFO - Processing batch 2/5 (20/82)
2026-01-24 22:59:52 - INFO - Updated news ID 8709 with embedding
2026-01-24 22:59:55 - INFO - Updated news ID 8710 with embedding
2026-01-24 22:59:58 - INFO - Updated news ID 8711 with embedding
2026-01-24 23:00:01 - INFO - Updated news ID 8714 with embedding
2026-01-24 23:00:04 - INFO - Updated news ID 8715 with embedding
2026-01-24 23:00:06 - INFO - Updated news ID 8716 with embedding
2026-01-24 23:00:09 - INFO - Updated news ID 8717 with embedding
2026-01-24 23:00:12 - INFO - Updated news ID 8718 with embedding
2026-01-24 23:00:15 - INFO - Updated news ID 8719 with embedding
2026-01-24 23:00:18 - INFO - Updated news ID 8748 with embedding
2026-01-24 23:00:20 - INFO - Updated news ID 8720 with embedding
2026-01-24 23:00:23 - INFO - Updated news ID 8721 with embedding
2026-01-24 23:00:26 - INFO - Updated news ID 8723 with embedding
2026-01-24 23:00:29 - INFO - Updated news ID 8724 with embedding
2026-01-24 23:00:31 - INFO - Updated news ID 8725 with embedding
2026-01-24 23:00:34 - INFO - Updated news ID 8726 with embedding
2026-01-24 23:00:37 - INFO - Updated news ID 8727 with embedding
2026-01-24 23:00:40 - INFO - Updated news ID 8728 with embedding
2026-01-24 23:00:43 - INFO - Updated news ID 8729 with embedding
2026-01-24 23:00:46 - INFO - Updated news ID 8730 with embedding
2026-01-24 23:00:46 - INFO - Processing batch 3/5 (40/82)
2026-01-24 23:00:48 - INFO - Updated news ID 8731 with embedding
2026-01-24 23:00:51 - INFO - Updated news ID 8732 with embedding
2026-01-24 23:00:54 - INFO - Updated news ID 8733 with embedding
2026-01-24 23:00:57 - INFO - Updated news ID 8734 with embedding
2026-01-24 23:01:00 - INFO - Updated news ID 8735 with embedding
2026-01-24 23:01:03 - INFO - Updated news ID 8736 with embedding
2026-01-24 23:01:06 - INFO - Updated news ID 8737 with embedding
2026-01-24 23:01:08 - INFO - Updated news ID 8738 with embedding
2026-01-24 23:01:11 - INFO - Updated news ID 8749 with embedding
2026-01-24 23:01:14 - INFO - Updated news ID 8739 with embedding
2026-01-24 23:01:17 - INFO - Updated news ID 8740 with embedding
2026-01-24 23:01:20 - INFO - Updated news ID 8741 with embedding
2026-01-24 23:01:23 - INFO - Updated news ID 8742 with embedding
2026-01-24 23:01:25 - INFO - Updated news ID 8743 with embedding
2026-01-24 23:01:28 - INFO - Updated news ID 8744 with embedding
2026-01-24 23:01:31 - INFO - Updated news ID 8745 with embedding
2026-01-24 23:01:34 - INFO - Updated news ID 8753 with embedding
2026-01-24 23:01:37 - INFO - Updated news ID 8754 with embedding
2026-01-24 23:01:39 - INFO - Updated news ID 8755 with embedding
2026-01-24 23:01:42 - INFO - Updated news ID 8756 with embedding
2026-01-24 23:01:43 - INFO - Processing batch 4/5 (60/82)
2026-01-24 23:01:45 - INFO - Updated news ID 8757 with embedding
2026-01-24 23:01:48 - INFO - Updated news ID 8758 with embedding
2026-01-24 23:01:51 - INFO - Updated news ID 8759 with embedding
2026-01-24 23:01:54 - INFO - Updated news ID 8760 with embedding
2026-01-24 23:01:57 - INFO - Updated news ID 8761 with embedding
2026-01-24 23:01:59 - INFO - Updated news ID 8762 with embedding
2026-01-24 23:02:02 - INFO - Updated news ID 8763 with embedding
2026-01-24 23:02:05 - INFO - Updated news ID 8764 with embedding
2026-01-24 23:02:08 - INFO - Updated news ID 8765 with embedding
2026-01-24 23:02:11 - INFO - Updated news ID 8766 with embedding
2026-01-24 23:02:14 - INFO - Updated news ID 8767 with embedding
2026-01-24 23:02:16 - INFO - Updated news ID 8768 with embedding
2026-01-24 23:02:19 - INFO - Updated news ID 8769 with embedding
2026-01-24 23:02:22 - INFO - Updated news ID 8770 with embedding
2026-01-24 23:02:25 - INFO - Updated news ID 8771 with embedding
2026-01-24 23:02:28 - INFO - Updated news ID 8772 with embedding
2026-01-24 23:02:31 - INFO - Updated news ID 8773 with embedding
2026-01-24 23:02:34 - INFO - Updated news ID 8774 with embedding
2026-01-24 23:02:37 - INFO - Updated news ID 8775 with embedding
2026-01-24 23:02:40 - INFO - Updated news ID 8776 with embedding
2026-01-24 23:02:40 - INFO - Processing batch 5/5 (80/82)
2026-01-24 23:02:43 - INFO - Updated news ID 8777 with embedding
2026-01-24 23:02:46 - INFO - Updated news ID 8778 with embedding
2026-01-24 23:02:46 - INFO - Embedding process complete. Successful: 82, Failed: 0
2026-01-24 23:02:46 - INFO - >>> News embedding completed.
2026-01-24 23:02:46 - INFO - ============================================================
2026-01-24 23:02:46 - INFO - UPDATE COMPLETE | Duration: 260.40 seconds
2026-01-24 23:02:46 - INFO - ============================================================

2026-01-25 14:12:05 - INFO - ============================================================
2026-01-25 14:12:05 - INFO - STARTING AUTOMATED DATA UPDATE
2026-01-25 14:12:05 - INFO - ============================================================
2026-01-25 14:12:05 - INFO - STEP 1: Updating Game Statistics...
2026-01-25 14:12:06 - INFO - >>> Stats update completed successfully.
2026-01-25 14:12:06 - INFO - STEP 2: Updating NBA News...
2026-01-25 14:12:36 - INFO - >>> News update completed.
2026-01-25 14:12:36 - INFO - STEP 3: Embedding News Articles...
2026-01-25 14:12:36 - INFO - Creating HNSW index for faster similarity searches...
2026-01-25 14:12:36 - WARNING - Could not create HNSW index: ´íÎó:  column does not have dimensions

2026-01-25 14:12:36 - INFO - Trying IVF index instead...
2026-01-25 14:12:36 - WARNING - Could not create IVF index: ´íÎó:  column does not have dimensions

2026-01-25 14:12:36 - INFO - Continuing without index. Searches will be slower.
2026-01-25 14:12:36 - INFO - Database setup complete
2026-01-25 14:12:38 - INFO - Found 0 news articles without embeddings
2026-01-25 14:12:38 - INFO - No news articles to process.
2026-01-25 14:12:38 - INFO - >>> News embedding completed.
2026-01-25 14:12:38 - INFO - ============================================================
2026-01-25 14:12:38 - INFO - UPDATE COMPLETE | Duration: 33.02 seconds
2026-01-25 14:12:38 - INFO - ============================================================

2026-01-25 21:33:54 - INFO - ============================================================
2026-01-25 21:33:54 - INFO - STARTING AUTOMATED DATA UPDATE
2026-01-25 21:33:54 - INFO - ============================================================
2026-01-25 21:33:54 - INFO - STEP 1: Updating Game Statistics...
2026-01-25 21:33:54 - INFO - >>> Stats update completed successfully.
2026-01-25 21:33:54 - INFO - STEP 2: Updating NBA News...
2026-01-25 21:34:20 - INFO - >>> News update completed.
2026-01-25 21:34:20 - INFO - STEP 3: Embedding News Articles...
2026-01-25 21:34:20 - INFO - Creating HNSW index for faster similarity searches...
2026-01-25 21:34:20 - WARNING - Could not create HNSW index: ´íÎó:  column does not have dimensions

2026-01-25 21:34:20 - INFO - Trying IVF index instead...
2026-01-25 21:34:20 - WARNING - Could not create IVF index: ´íÎó:  column does not have dimensions

2026-01-25 21:34:20 - INFO - Continuing without index. Searches will be slower.
2026-01-25 21:34:20 - INFO - Database setup complete
2026-01-25 21:34:22 - INFO - Found 0 news articles without embeddings
2026-01-25 21:34:22 - INFO - No news articles to process.
2026-01-25 21:34:22 - INFO - >>> News embedding completed.
2026-01-25 21:34:22 - INFO - ============================================================
2026-01-25 21:34:22 - INFO - UPDATE COMPLETE | Duration: 28.18 seconds
2026-01-25 21:34:22 - INFO - ============================================================

2026-01-25 22:03:20 - INFO - ============================================================
2026-01-25 22:03:20 - INFO - STARTING AUTOMATED DATA UPDATE
2026-01-25 22:03:20 - INFO - ============================================================
2026-01-25 22:03:20 - INFO - STEP 1: Updating Game Statistics...
2026-01-25 22:03:20 - INFO - >>> Stats update completed successfully.
2026-01-25 22:03:20 - INFO - STEP 2: Updating NBA News...
2026-01-25 22:03:51 - INFO - >>> News update completed.
2026-01-25 22:03:51 - INFO - STEP 3: Embedding News Articles...
2026-01-25 22:03:51 - INFO - Creating HNSW index for faster similarity searches...
2026-01-25 22:03:51 - WARNING - Could not create HNSW index: ´íÎó:  column does not have dimensions

2026-01-25 22:03:51 - INFO - Trying IVF index instead...
2026-01-25 22:03:51 - WARNING - Could not create IVF index: ´íÎó:  column does not have dimensions

2026-01-25 22:03:51 - INFO - Continuing without index. Searches will be slower.
2026-01-25 22:03:51 - INFO - Database setup complete
2026-01-25 22:03:53 - INFO - Found 0 news articles without embeddings
2026-01-25 22:03:53 - INFO - No news articles to process.
2026-01-25 22:03:53 - INFO - >>> News embedding completed.
2026-01-25 22:03:53 - INFO - ============================================================
2026-01-25 22:03:53 - INFO - UPDATE COMPLETE | Duration: 33.48 seconds
2026-01-25 22:03:53 - INFO - ============================================================

2026-01-25 22:23:44 - INFO - ============================================================
2026-01-25 22:23:44 - INFO - STARTING AUTOMATED DATA UPDATE
2026-01-25 22:23:44 - INFO - ============================================================
2026-01-25 22:23:44 - INFO - STEP 1: Updating Game Statistics...
2026-01-25 22:23:44 - INFO - >>> Stats update completed successfully.
2026-01-25 22:23:44 - INFO - STEP 2: Updating NBA News...
2026-01-25 22:24:11 - INFO - >>> News update completed.
2026-01-25 22:24:11 - INFO - STEP 3: Embedding News Articles...
2026-01-25 22:24:11 - INFO - Creating HNSW index for faster similarity searches...
2026-01-25 22:24:11 - WARNING - Could not create HNSW index: ´íÎó:  column does not have dimensions

2026-01-25 22:24:11 - INFO - Trying IVF index instead...
2026-01-25 22:24:11 - WARNING - Could not create IVF index: ´íÎó:  column does not have dimensions

2026-01-25 22:24:11 - INFO - Continuing without index. Searches will be slower.
2026-01-25 22:24:11 - INFO - Database setup complete
2026-01-25 22:24:13 - INFO - Found 0 news articles without embeddings
2026-01-25 22:24:13 - INFO - No news articles to process.
2026-01-25 22:24:13 - INFO - >>> News embedding completed.
2026-01-25 22:24:13 - INFO - ============================================================
2026-01-25 22:24:13 - INFO - UPDATE COMPLETE | Duration: 29.64 seconds
2026-01-25 22:24:13 - INFO - ============================================================

2026-01-26 22:32:23 - INFO - ============================================================
2026-01-26 22:32:23 - INFO - STARTING AUTOMATED DATA UPDATE
2026-01-26 22:32:23 - INFO - ============================================================
2026-01-26 22:32:23 - INFO - STEP 1: Updating Game Statistics...
2026-01-26 22:32:23 - INFO - >>> Stats update completed successfully.
2026-01-26 22:32:23 - INFO - STEP 2: Updating NBA News...
2026-02-03 21:59:36 - INFO - ============================================================
2026-02-03 21:59:36 - INFO - STARTING AUTOMATED DATA UPDATE
2026-02-03 21:59:36 - INFO - ============================================================
2026-02-03 21:59:36 - INFO - STEP 1: Updating Game Statistics...
2026-02-04 21:29:30 - INFO - ============================================================
2026-02-04 21:29:30 - INFO - STARTING AUTOMATED DATA UPDATE
2026-02-04 21:29:30 - INFO - ============================================================
2026-02-04 21:29:30 - INFO - STEP 1: Updating Game Statistics...
2026-02-04 21:29:30 - INFO - >>> Stats update completed successfully.
2026-02-04 21:29:30 - INFO - STEP 2: Updating NBA News...
2026-02-04 21:29:57 - INFO - >>> News update completed.
2026-02-04 21:29:57 - INFO - STEP 3: Embedding News Articles...
2026-02-04 21:29:57 - INFO - Creating HNSW index for faster similarity searches...
2026-02-04 21:29:57 - WARNING - Could not create HNSW index: ´íÎó:  column does not have dimensions

2026-02-04 21:29:57 - INFO - Trying IVF index instead...
2026-02-04 21:29:57 - WARNING - Could not create IVF index: ´íÎó:  column does not have dimensions

2026-02-04 21:29:57 - INFO - Continuing without index. Searches will be slower.
2026-02-04 21:29:57 - INFO - Database setup complete
2026-02-04 21:29:59 - INFO - Found 0 news articles without embeddings
2026-02-04 21:29:59 - INFO - No news articles to process.
2026-02-04 21:29:59 - INFO - >>> News embedding completed.
2026-02-04 21:29:59 - INFO - ============================================================
2026-02-04 21:29:59 - INFO - UPDATE COMPLETE | Duration: 29.93 seconds
2026-02-04 21:29:59 - INFO - ============================================================

2026-02-07 00:26:38 - INFO - ============================================================
2026-02-07 00:26:38 - INFO - STARTING AUTOMATED DATA UPDATE
2026-02-07 00:26:38 - INFO - ============================================================
2026-02-07 00:26:38 - INFO - STEP 1: Updating Game Statistics...
2026-02-07 00:26:38 - INFO - >>> Stats update completed successfully.
2026-02-07 00:26:38 - INFO - STEP 2: Updating NBA News...
2026-02-07 01:02:03 - INFO - ============================================================
2026-02-07 01:02:03 - INFO - STARTING AUTOMATED DATA UPDATE
2026-02-07 01:02:03 - INFO - ============================================================
2026-02-07 01:02:03 - INFO - STEP 1: Updating Game Statistics...
2026-02-07 01:02:04 - INFO - >>> Stats update completed successfully.
2026-02-07 01:02:04 - INFO - STEP 2: Updating NBA News...
2026-02-07 14:29:39 - INFO - ============================================================
2026-02-07 14:29:39 - INFO - STARTING AUTOMATED DATA UPDATE
2026-02-07 14:29:39 - INFO - ============================================================
2026-02-07 14:29:39 - INFO - STEP 1: Updating Game Statistics...
2026-02-07 14:29:39 - INFO - >>> Stats update completed successfully.
2026-02-07 14:29:39 - INFO - STEP 2: Updating NBA News...
2026-02-07 14:30:33 - INFO - >>> News update completed.
2026-02-07 14:30:33 - INFO - STEP 3: Embedding News Articles...
2026-02-07 14:30:33 - INFO - Creating HNSW index for faster similarity searches...
2026-02-07 14:30:33 - WARNING - Could not create HNSW index: ´íÎó:  column does not have dimensions

2026-02-07 14:30:33 - INFO - Trying IVF index instead...
2026-02-07 14:30:33 - WARNING - Could not create IVF index: ´íÎó:  column does not have dimensions

2026-02-07 14:30:33 - INFO - Continuing without index. Searches will be slower.
2026-02-07 14:30:33 - INFO - Database setup complete
2026-02-07 14:30:35 - INFO - Found 0 news articles without embeddings
2026-02-07 14:30:35 - INFO - No news articles to process.
2026-02-07 14:30:35 - INFO - >>> News embedding completed.
2026-02-07 14:30:35 - INFO - ============================================================
2026-02-07 14:30:35 - INFO - UPDATE COMPLETE | Duration: 56.19 seconds
2026-02-07 14:30:35 - INFO - ============================================================

2026-02-07 16:23:50 - INFO - ============================================================
2026-02-07 16:23:50 - INFO - STARTING AUTOMATED DATA UPDATE
2026-02-07 16:23:50 - INFO - ============================================================
2026-02-07 16:23:50 - INFO - STEP 1: Updating Game Statistics...
2026-02-07 16:23:51 - INFO - >>> Stats update completed successfully.
2026-02-07 16:23:51 - INFO - STEP 2: Updating NBA News...
2026-02-07 16:44:27 - INFO - ============================================================
2026-02-07 16:44:27 - INFO - STARTING AUTOMATED DATA UPDATE
2026-02-07 16:44:27 - INFO - ============================================================
2026-02-07 16:44:27 - INFO - STEP 1: Updating Game Statistics...
2026-02-07 16:44:28 - INFO - >>> Stats update completed successfully.
2026-02-07 16:44:28 - INFO - STEP 2: Updating NBA News...
2026-02-07 16:45:23 - INFO - >>> News update completed.
2026-02-07 16:45:23 - INFO - STEP 3: Embedding News Articles...
2026-02-07 16:45:23 - INFO - Creating HNSW index for faster similarity searches...
2026-02-07 16:45:23 - WARNING - Could not create HNSW index: ´íÎó:  column does not have dimensions

2026-02-07 16:45:23 - INFO - Trying IVF index instead...
2026-02-07 16:45:23 - WARNING - Could not create IVF index: ´íÎó:  column does not have dimensions

2026-02-07 16:45:23 - INFO - Continuing without index. Searches will be slower.
2026-02-07 16:45:23 - INFO - Database setup complete
2026-02-07 16:45:25 - INFO - Found 0 news articles without embeddings
2026-02-07 16:45:25 - INFO - No news articles to process.
2026-02-07 16:45:25 - INFO - >>> News embedding completed.
2026-02-07 16:45:25 - INFO - ============================================================
2026-02-07 16:45:25 - INFO - UPDATE COMPLETE | Duration: 57.89 seconds
2026-02-07 16:45:25 - INFO - ============================================================

2026-02-07 20:32:38 - INFO - ============================================================
2026-02-07 20:32:38 - INFO - STARTING AUTOMATED DATA UPDATE
2026-02-07 20:32:38 - INFO - ============================================================
2026-02-07 20:32:38 - INFO - STEP 1: Updating Game Statistics...
2026-02-07 20:32:38 - INFO - >>> Stats update completed successfully.
2026-02-07 20:32:38 - INFO - STEP 2: Updating NBA News...
2026-02-07 20:33:33 - INFO - >>> News update completed.
2026-02-07 20:33:33 - INFO - STEP 3: Embedding News Articles...
2026-02-07 20:33:33 - INFO - Creating HNSW index for faster similarity searches...
2026-02-07 20:33:33 - WARNING - Could not create HNSW index: ´íÎó:  column does not have dimensions

2026-02-07 20:33:33 - INFO - Trying IVF index instead...
2026-02-07 20:33:33 - WARNING - Could not create IVF index: ´íÎó:  column does not have dimensions

2026-02-07 20:33:33 - INFO - Continuing without index. Searches will be slower.
2026-02-07 20:33:33 - INFO - Database setup complete
2026-02-07 20:33:35 - INFO - Found 0 news articles without embeddings
2026-02-07 20:33:35 - INFO - No news articles to process.
2026-02-07 20:33:35 - INFO - >>> News embedding completed.
2026-02-07 20:33:35 - INFO - ============================================================
2026-02-07 20:33:35 - INFO - UPDATE COMPLETE | Duration: 57.10 seconds
2026-02-07 20:33:35 - INFO - ============================================================

2026-02-07 20:53:39 - INFO - ============================================================
2026-02-07 20:53:39 - INFO - STARTING AUTOMATED DATA UPDATE
2026-02-07 20:53:39 - INFO - ============================================================
2026-02-07 20:53:39 - INFO - STEP 1: Updating Game Statistics...
2026-02-07 20:53:39 - INFO - >>> Stats update completed successfully.
2026-02-07 20:53:39 - INFO - STEP 2: Updating NBA News...
2026-02-07 20:55:40 - INFO - ============================================================
2026-02-07 20:55:40 - INFO - STARTING AUTOMATED DATA UPDATE
2026-02-07 20:55:40 - INFO - ============================================================
2026-02-07 20:55:40 - INFO - STEP 1: Updating Game Statistics...
2026-02-07 20:55:41 - INFO - >>> Stats update completed successfully.
2026-02-07 20:55:41 - INFO - STEP 2: Updating NBA News...
2026-02-07 20:56:27 - INFO - >>> News update completed.
2026-02-07 20:56:27 - INFO - STEP 3: Embedding News Articles...
2026-02-07 20:56:27 - INFO - Creating HNSW index for faster similarity searches...
2026-02-07 20:56:27 - WARNING - Could not create HNSW index: ´íÎó:  column does not have dimensions

2026-02-07 20:56:27 - INFO - Trying IVF index instead...
2026-02-07 20:56:27 - WARNING - Could not create IVF index: ´íÎó:  column does not have dimensions

2026-02-07 20:56:27 - INFO - Continuing without index. Searches will be slower.
2026-02-07 20:56:27 - INFO - Database setup complete
2026-02-07 20:56:29 - INFO - Found 0 news articles without embeddings
2026-02-07 20:56:29 - INFO - No news articles to process.
2026-02-07 20:56:29 - INFO - >>> News embedding completed.
2026-02-07 20:56:29 - INFO - ============================================================
2026-02-07 20:56:29 - INFO - UPDATE COMPLETE | Duration: 48.61 seconds
2026-02-07 20:56:29 - INFO - ============================================================

2026-02-07 20:59:06 - INFO - ============================================================
2026-02-07 20:59:06 - INFO - STARTING AUTOMATED DATA UPDATE
2026-02-07 20:59:06 - INFO - ============================================================
2026-02-07 20:59:06 - INFO - STEP 1: Updating Game Statistics...
2026-02-07 20:59:06 - INFO - >>> Stats update completed successfully.
2026-02-07 20:59:06 - INFO - STEP 2: Updating NBA News...
2026-02-07 20:59:44 - INFO - >>> News update completed.
2026-02-07 20:59:44 - INFO - STEP 3: Embedding News Articles...
2026-02-07 20:59:44 - INFO - Creating HNSW index for faster similarity searches...
2026-02-07 20:59:44 - WARNING - Could not create HNSW index: ´íÎó:  column does not have dimensions

2026-02-07 20:59:44 - INFO - Trying IVF index instead...
2026-02-07 20:59:44 - WARNING - Could not create IVF index: ´íÎó:  column does not have dimensions

2026-02-07 20:59:44 - INFO - Continuing without index. Searches will be slower.
2026-02-07 20:59:44 - INFO - Database setup complete
2026-02-07 20:59:46 - INFO - Found 0 news articles without embeddings
2026-02-07 20:59:46 - INFO - No news articles to process.
2026-02-07 20:59:46 - INFO - >>> News embedding completed.
2026-02-07 20:59:46 - INFO - STEP 4: Generating News Images...
2026-02-07 20:59:54 - INFO - >>> News images generated successfully.
2026-02-07 20:59:54 - INFO - ============================================================
2026-02-07 20:59:54 - INFO - UPDATE COMPLETE | Duration: 47.90 seconds
2026-02-07 20:59:54 - INFO - ============================================================

2026-02-07 21:06:24 - INFO - ============================================================
2026-02-07 21:06:24 - INFO - STARTING AUTOMATED DATA UPDATE
2026-02-07 21:06:24 - INFO - ============================================================
2026-02-07 21:06:24 - INFO - STEP 1: Updating Game Statistics...
2026-02-07 21:06:24 - INFO - >>> Stats update completed successfully.
2026-02-07 21:06:24 - INFO - STEP 2: Updating NBA News...
2026-02-07 21:15:07 - INFO - ========================================================
2026-02-07 21:15:07 - INFO - NBA DATA CONTINUOUS UPDATE SERVICE STARTED
2026-02-07 21:15:07 - INFO - Frequency: Every 6 hours
2026-02-07 21:15:07 - INFO - ========================================================
2026-02-07 21:15:07 - INFO - Starting scheduled data update...
2026-02-07 21:15:07 - INFO - ============================================================
2026-02-07 21:15:07 - INFO - STARTING AUTOMATED DATA UPDATE
2026-02-07 21:15:07 - INFO - ============================================================
2026-02-07 21:15:07 - INFO - STEP 1: Updating Game Statistics...
2026-02-07 21:15:07 - INFO - >>> Stats update completed successfully.
2026-02-07 21:15:07 - INFO - STEP 2: Updating NBA News...
2026-02-07 21:29:43 - INFO - ========================================================
2026-02-07 21:29:43 - INFO - NBA DATA CONTINUOUS UPDATE SERVICE STARTED
2026-02-07 21:29:43 - INFO - Frequency: Every 6 hours
2026-02-07 21:29:43 - INFO - ========================================================
2026-02-07 21:29:43 - INFO - Starting scheduled data update...
2026-02-07 21:29:43 - INFO - ============================================================
2026-02-07 21:29:43 - INFO - STARTING AUTOMATED DATA UPDATE
2026-02-07 21:29:43 - INFO - ============================================================
2026-02-07 21:29:43 - INFO - STEP 1: Updating Game Statistics...
2026-02-07 21:29:43 - INFO - >>> Stats update completed successfully.
2026-02-07 21:29:43 - INFO - STEP 2: Updating NBA News...
2026-02-07 21:32:22 - INFO - >>> News update completed.
2026-02-07 21:32:22 - INFO - STEP 3: Embedding News Articles...
2026-02-07 21:32:22 - INFO - Creating HNSW index for faster similarity searches...
2026-02-07 21:32:22 - WARNING - Could not create HNSW index: ´íÎó:  column does not have dimensions

2026-02-07 21:32:22 - INFO - Trying IVF index instead...
2026-02-07 21:32:22 - WARNING - Could not create IVF index: ´íÎó:  column does not have dimensions

2026-02-07 21:32:22 - INFO - Continuing without index. Searches will be slower.
2026-02-07 21:32:22 - INFO - Database setup complete
2026-02-07 21:32:24 - INFO - Found 100 news articles without embeddings
2026-02-07 21:32:24 - INFO - Processing batch 1/5 (0/100)
2026-02-07 21:32:30 - INFO - Updated news ID 8863 with embedding
2026-02-07 21:32:33 - INFO - Updated news ID 8864 with embedding
2026-02-07 21:32:36 - INFO - Updated news ID 8968 with embedding
2026-02-07 21:32:39 - INFO - Updated news ID 8969 with embedding
2026-02-07 21:32:41 - INFO - Updated news ID 9098 with embedding
2026-02-07 21:32:44 - INFO - Updated news ID 9121 with embedding
2026-02-07 21:32:47 - INFO - Updated news ID 8865 with embedding
2026-02-07 21:32:50 - INFO - Updated news ID 8866 with embedding
2026-02-07 21:32:53 - INFO - Updated news ID 8867 with embedding
2026-02-07 21:32:56 - INFO - Updated news ID 8868 with embedding
2026-02-07 21:32:59 - INFO - Updated news ID 8869 with embedding
2026-02-07 21:33:01 - INFO - Updated news ID 8870 with embedding
2026-02-07 21:33:04 - INFO - Updated news ID 8991 with embedding
2026-02-07 21:33:08 - INFO - Updated news ID 8992 with embedding
2026-02-07 21:33:10 - INFO - Updated news ID 9005 with embedding
2026-02-07 21:33:13 - INFO - Updated news ID 9006 with embedding
2026-02-07 21:33:16 - INFO - Updated news ID 9077 with embedding
2026-02-07 21:33:19 - INFO - Updated news ID 8841 with embedding
2026-02-07 21:33:22 - INFO - Updated news ID 8842 with embedding
2026-02-07 21:33:25 - INFO - Updated news ID 8843 with embedding
2026-02-07 21:33:25 - INFO - Processing batch 2/5 (20/100)
2026-02-07 21:33:27 - INFO - Updated news ID 8844 with embedding
2026-02-07 21:33:30 - INFO - Updated news ID 9035 with embedding
2026-02-07 21:33:33 - INFO - Updated news ID 9076 with embedding
2026-02-07 21:33:36 - INFO - Updated news ID 9078 with embedding
2026-02-07 21:33:39 - INFO - Updated news ID 9079 with embedding
2026-02-07 21:33:42 - INFO - Updated news ID 9080 with embedding
2026-02-07 21:33:45 - INFO - Updated news ID 9081 with embedding
2026-02-07 21:33:48 - INFO - Updated news ID 8845 with embedding
2026-02-07 21:33:51 - INFO - Updated news ID 8846 with embedding
2026-02-07 21:33:54 - INFO - Updated news ID 8847 with embedding
2026-02-07 21:33:56 - INFO - Updated news ID 8848 with embedding
2026-02-07 21:33:59 - INFO - Updated news ID 8849 with embedding
2026-02-07 21:34:02 - INFO - Updated news ID 9039 with embedding
2026-02-07 21:34:05 - INFO - Updated news ID 9094 with embedding
2026-02-07 21:34:08 - INFO - Updated news ID 8850 with embedding
2026-02-07 21:34:11 - INFO - Updated news ID 8851 with embedding
2026-02-07 21:34:14 - INFO - Updated news ID 8852 with embedding
2026-02-07 21:34:17 - INFO - Updated news ID 8853 with embedding
2026-02-07 21:34:19 - INFO - Updated news ID 8854 with embedding
2026-02-07 21:34:22 - INFO - Updated news ID 8855 with embedding
2026-02-07 21:34:23 - INFO - Processing batch 3/5 (40/100)
2026-02-07 21:34:25 - INFO - Updated news ID 8882 with embedding
2026-02-07 21:34:28 - INFO - Updated news ID 8856 with embedding
2026-02-07 21:34:31 - INFO - Updated news ID 8857 with embedding
2026-02-07 21:34:34 - INFO - Updated news ID 8858 with embedding
2026-02-07 21:34:37 - INFO - Updated news ID 8859 with embedding
2026-02-07 21:34:40 - INFO - Updated news ID 8860 with embedding
2026-02-07 21:34:42 - INFO - Updated news ID 8861 with embedding
2026-02-07 21:34:45 - INFO - Updated news ID 8862 with embedding
2026-02-07 21:34:48 - INFO - Updated news ID 8871 with embedding
2026-02-07 21:34:51 - INFO - Updated news ID 8872 with embedding
2026-02-07 21:34:54 - INFO - Updated news ID 8873 with embedding
2026-02-07 21:34:57 - INFO - Updated news ID 8874 with embedding
2026-02-07 21:34:59 - INFO - Updated news ID 8875 with embedding
2026-02-07 21:35:02 - INFO - Updated news ID 8923 with embedding
2026-02-07 21:35:05 - INFO - Updated news ID 9046 with embedding
2026-02-07 21:35:08 - INFO - Updated news ID 9095 with embedding
2026-02-07 21:35:11 - INFO - Updated news ID 9096 with embedding
2026-02-07 21:35:14 - INFO - Updated news ID 8876 with embedding
2026-02-07 21:35:17 - INFO - Updated news ID 8877 with embedding
2026-02-07 21:35:20 - INFO - Updated news ID 8878 with embedding
2026-02-07 21:35:20 - INFO - Processing batch 4/5 (60/100)
2026-02-07 21:35:23 - INFO - Updated news ID 8879 with embedding
2026-02-07 21:35:25 - INFO - Updated news ID 8880 with embedding
2026-02-07 21:35:28 - INFO - Updated news ID 8881 with embedding
2026-02-07 21:35:31 - INFO - Updated news ID 8937 with embedding
2026-02-07 21:35:34 - INFO - Updated news ID 8883 with embedding
2026-02-07 21:35:37 - INFO - Updated news ID 8884 with embedding
2026-02-07 21:35:40 - INFO - Updated news ID 8885 with embedding
2026-02-07 21:35:42 - INFO - Updated news ID 8886 with embedding
2026-02-07 21:35:45 - INFO - Updated news ID 8887 with embedding
2026-02-07 21:35:48 - INFO - Updated news ID 8938 with embedding
2026-02-07 21:35:51 - INFO - Updated news ID 8939 with embedding
2026-02-07 21:35:54 - INFO - Updated news ID 8888 with embedding
2026-02-07 21:35:57 - INFO - Updated news ID 8889 with embedding
2026-02-07 21:36:00 - INFO - Updated news ID 8919 with embedding
2026-02-07 21:36:03 - INFO - Updated news ID 8920 with embedding
2026-02-07 21:36:05 - INFO - Updated news ID 8921 with embedding
2026-02-07 21:36:08 - INFO - Updated news ID 8922 with embedding
2026-02-07 21:36:11 - INFO - Updated news ID 8924 with embedding
2026-02-07 21:36:14 - INFO - Updated news ID 8925 with embedding
2026-02-07 21:36:17 - INFO - Updated news ID 8926 with embedding
2026-02-07 21:36:17 - INFO - Processing batch 5/5 (80/100)
2026-02-07 21:36:20 - INFO - Updated news ID 8927 with embedding
2026-02-07 21:36:23 - INFO - Updated news ID 8928 with embedding
2026-02-07 21:36:26 - INFO - Updated news ID 8929 with embedding
2026-02-07 21:36:28 - INFO - Updated news ID 8930 with embedding
2026-02-07 21:36:31 - INFO - Updated news ID 8931 with embedding
2026-02-07 21:36:34 - INFO - Updated news ID 8932 with embedding
2026-02-07 21:36:37 - INFO - Updated news ID 8933 with embedding
2026-02-07 21:36:40 - INFO - Updated news ID 8934 with embedding
2026-02-07 21:36:43 - INFO - Updated news ID 8935 with embedding
2026-02-07 21:36:46 - INFO - Updated news ID 8936 with embedding
2026-02-07 21:36:48 - INFO - Updated news ID 8940 with embedding
2026-02-07 21:36:51 - INFO - Updated news ID 8941 with embedding
2026-02-07 21:37:03 - INFO - Updated news ID 8942 with embedding
2026-02-07 21:37:12 - INFO - Updated news ID 8943 with embedding
2026-02-07 21:37:27 - INFO - Updated news ID 8944 with embedding
2026-02-07 21:37:30 - INFO - Updated news ID 8967 with embedding
2026-02-07 21:37:33 - INFO - Updated news ID 8945 with embedding
2026-02-07 21:37:36 - INFO - Updated news ID 8946 with embedding
2026-02-07 21:37:39 - INFO - Updated news ID 8947 with embedding
2026-02-07 21:37:41 - INFO - Updated news ID 8948 with embedding
2026-02-07 21:37:42 - INFO - Embedding process complete. Successful: 100, Failed: 0
2026-02-07 21:37:42 - INFO - >>> News embedding completed.
2026-02-07 21:37:42 - INFO - STEP 4: Generating News Images...
2026-02-07 21:37:52 - INFO - >>> News images generated successfully.
2026-02-07 21:37:52 - INFO - ============================================================
2026-02-07 21:37:52 - INFO - UPDATE COMPLETE | Duration: 489.24 seconds
2026-02-07 21:37:52 - INFO - ============================================================

2026-02-07 21:37:52 - INFO - Update cycle finished successfully.
2026-02-07 21:37:52 - INFO - Next update scheduled for: 2026-02-08 03:37:52
2026-02-09 22:20:59 - INFO - ========================================================
2026-02-09 22:20:59 - INFO - NBA DATA CONTINUOUS UPDATE SERVICE STARTED
2026-02-09 22:20:59 - INFO - Frequency: Every 6 hours
2026-02-09 22:20:59 - INFO - ========================================================
2026-02-09 22:20:59 - INFO - Starting scheduled data update...
2026-02-09 22:20:59 - INFO - ============================================================
2026-02-09 22:20:59 - INFO - STARTING AUTOMATED DATA UPDATE
2026-02-09 22:20:59 - INFO - ============================================================
2026-02-09 22:20:59 - INFO - STEP 1: Updating Game Statistics...
2026-02-09 22:20:59 - INFO - >>> Stats update completed successfully.
2026-02-09 22:20:59 - INFO - STEP 2: Updating NBA News...
2026-02-09 22:21:28 - INFO - >>> News update completed.
2026-02-09 22:21:28 - INFO - STEP 3: Embedding News Articles...
2026-02-09 22:21:28 - INFO - Creating HNSW index for faster similarity searches...
2026-02-09 22:21:28 - WARNING - Could not create HNSW index: ´íÎó:  column does not have dimensions

2026-02-09 22:21:28 - INFO - Trying IVF index instead...
2026-02-09 22:21:28 - WARNING - Could not create IVF index: ´íÎó:  column does not have dimensions

2026-02-09 22:21:28 - INFO - Continuing without index. Searches will be slower.
2026-02-09 22:21:28 - INFO - Database setup complete
2026-02-09 22:21:30 - INFO - Found 100 news articles without embeddings
2026-02-09 22:21:30 - INFO - Processing batch 1/5 (0/100)
2026-02-09 22:21:35 - INFO - Updated news ID 8949 with embedding
2026-02-09 22:21:38 - INFO - Updated news ID 8950 with embedding
2026-02-09 22:21:41 - INFO - Updated news ID 8951 with embedding
2026-02-09 22:21:44 - INFO - Updated news ID 8952 with embedding
2026-02-09 22:21:47 - INFO - Updated news ID 8953 with embedding
2026-02-09 22:21:49 - INFO - Updated news ID 8954 with embedding
2026-02-09 22:21:52 - INFO - Updated news ID 8955 with embedding
2026-02-09 22:21:55 - INFO - Updated news ID 8956 with embedding
2026-02-09 22:21:58 - INFO - Updated news ID 8957 with embedding
2026-02-09 22:22:01 - INFO - Updated news ID 8958 with embedding
2026-02-09 22:22:04 - INFO - Updated news ID 8959 with embedding
2026-02-09 22:22:07 - INFO - Updated news ID 8960 with embedding
2026-02-09 22:22:10 - INFO - Updated news ID 8961 with embedding
2026-02-09 22:22:12 - INFO - Updated news ID 8962 with embedding
2026-02-09 22:22:15 - INFO - Updated news ID 8963 with embedding
2026-02-09 22:22:18 - INFO - Updated news ID 8964 with embedding
2026-02-09 22:22:21 - INFO - Updated news ID 8965 with embedding
2026-02-09 22:22:24 - INFO - Updated news ID 8966 with embedding
2026-02-09 22:22:27 - INFO - Updated news ID 8970 with embedding
2026-02-09 22:22:29 - INFO - Updated news ID 8971 with embedding
2026-02-09 22:22:30 - INFO - Processing batch 2/5 (20/100)
2026-02-09 22:22:32 - INFO - Updated news ID 8972 with embedding
2026-02-09 22:22:35 - INFO - Updated news ID 8973 with embedding
2026-02-09 22:22:38 - INFO - Updated news ID 8974 with embedding
2026-02-09 22:22:41 - INFO - Updated news ID 8975 with embedding
2026-02-09 22:22:43 - INFO - Updated news ID 8976 with embedding
2026-02-09 22:22:46 - INFO - Updated news ID 8977 with embedding
2026-02-09 22:22:49 - INFO - Updated news ID 8978 with embedding
2026-02-09 22:22:52 - INFO - Updated news ID 8979 with embedding
2026-02-09 22:22:55 - INFO - Updated news ID 8980 with embedding
2026-02-09 22:22:58 - INFO - Updated news ID 8981 with embedding
2026-02-09 22:23:09 - INFO - Updated news ID 8982 with embedding
2026-02-09 22:23:19 - INFO - Updated news ID 8983 with embedding
2026-02-09 22:23:38 - INFO - Updated news ID 8984 with embedding
2026-02-09 22:23:41 - INFO - Updated news ID 8985 with embedding
2026-02-09 22:23:44 - INFO - Updated news ID 8986 with embedding
2026-02-09 22:23:47 - INFO - Updated news ID 8987 with embedding
2026-02-09 22:23:49 - INFO - Updated news ID 8988 with embedding
2026-02-09 22:23:53 - INFO - Updated news ID 8989 with embedding
2026-02-09 22:23:56 - INFO - Updated news ID 8990 with embedding
2026-02-09 22:23:58 - INFO - Updated news ID 8993 with embedding
2026-02-09 22:23:59 - INFO - Processing batch 3/5 (40/100)
2026-02-09 22:24:01 - INFO - Updated news ID 8994 with embedding
2026-02-09 22:24:04 - INFO - Updated news ID 8995 with embedding
2026-02-09 22:24:07 - INFO - Updated news ID 8996 with embedding
2026-02-09 22:24:10 - INFO - Updated news ID 8997 with embedding
2026-02-09 22:24:13 - INFO - Updated news ID 8998 with embedding
2026-02-09 22:24:16 - INFO - Updated news ID 8999 with embedding
2026-02-09 22:24:19 - INFO - Updated news ID 9000 with embedding
2026-02-09 22:24:22 - INFO - Updated news ID 9001 with embedding
2026-02-09 22:24:25 - INFO - Updated news ID 9002 with embedding
2026-02-09 22:24:28 - INFO - Updated news ID 9003 with embedding
2026-02-09 22:24:31 - INFO - Updated news ID 9004 with embedding
2026-02-09 22:24:34 - INFO - Updated news ID 9007 with embedding
2026-02-09 22:24:36 - INFO - Updated news ID 9008 with embedding
2026-02-09 22:24:39 - INFO - Updated news ID 9009 with embedding
2026-02-09 22:24:42 - INFO - Updated news ID 9010 with embedding
2026-02-09 22:24:45 - INFO - Updated news ID 9011 with embedding
2026-02-09 22:24:48 - INFO - Updated news ID 9012 with embedding
2026-02-09 22:24:51 - INFO - Updated news ID 9013 with embedding
2026-02-09 22:24:54 - INFO - Updated news ID 9014 with embedding
2026-02-09 22:24:57 - INFO - Updated news ID 9015 with embedding
2026-02-09 22:24:58 - INFO - Processing batch 4/5 (60/100)
2026-02-09 22:25:00 - INFO - Updated news ID 9016 with embedding
2026-02-09 22:25:03 - INFO - Updated news ID 9017 with embedding
2026-02-09 22:25:06 - INFO - Updated news ID 9018 with embedding
2026-02-09 22:25:09 - INFO - Updated news ID 9019 with embedding
2026-02-09 22:25:12 - INFO - Updated news ID 9020 with embedding
2026-02-09 22:25:15 - INFO - Updated news ID 9021 with embedding
2026-02-09 22:25:17 - INFO - Updated news ID 9022 with embedding
2026-02-09 22:25:20 - INFO - Updated news ID 9023 with embedding
2026-02-09 22:25:23 - INFO - Updated news ID 9024 with embedding
2026-02-09 22:25:26 - INFO - Updated news ID 9025 with embedding
2026-02-09 22:25:29 - INFO - Updated news ID 9026 with embedding
2026-02-09 22:25:32 - INFO - Updated news ID 9027 with embedding
2026-02-09 22:25:35 - INFO - Updated news ID 9028 with embedding
2026-02-09 22:25:38 - INFO - Updated news ID 9029 with embedding
2026-02-09 22:25:41 - INFO - Updated news ID 9030 with embedding
2026-02-09 22:25:44 - INFO - Updated news ID 9031 with embedding
2026-02-09 22:25:47 - INFO - Updated news ID 9032 with embedding
2026-02-09 22:25:49 - INFO - Updated news ID 9033 with embedding
2026-02-09 22:25:52 - INFO - Updated news ID 9034 with embedding
2026-02-09 22:25:55 - INFO - Updated news ID 9036 with embedding
2026-02-09 22:25:56 - INFO - Processing batch 5/5 (80/100)
2026-02-09 22:25:58 - INFO - Updated news ID 9037 with embedding
2026-02-09 22:26:01 - INFO - Updated news ID 9038 with embedding
2026-02-09 22:26:04 - INFO - Updated news ID 9040 with embedding
2026-02-09 22:26:07 - INFO - Updated news ID 9041 with embedding
2026-02-09 22:26:09 - INFO - Updated news ID 9042 with embedding
2026-02-09 22:26:12 - INFO - Updated news ID 9043 with embedding
2026-02-09 22:26:15 - INFO - Updated news ID 9044 with embedding
2026-02-09 22:26:18 - INFO - Updated news ID 9045 with embedding
2026-02-09 22:26:21 - INFO - Updated news ID 9047 with embedding
2026-02-09 22:26:24 - INFO - Updated news ID 9048 with embedding
2026-02-09 22:26:27 - INFO - Updated news ID 9049 with embedding
2026-02-09 22:26:30 - INFO - Updated news ID 9050 with embedding
2026-02-09 22:26:32 - INFO - Updated news ID 9051 with embedding
2026-02-09 22:26:35 - INFO - Updated news ID 9052 with embedding
2026-02-09 22:26:38 - INFO - Updated news ID 9053 with embedding
2026-02-09 22:26:41 - INFO - Updated news ID 9054 with embedding
2026-02-09 22:26:44 - INFO - Updated news ID 9055 with embedding
2026-02-09 22:26:47 - INFO - Updated news ID 9056 with embedding
2026-02-09 22:26:49 - INFO - Updated news ID 9057 with embedding
2026-02-09 22:26:52 - INFO - Updated news ID 9058 with embedding
2026-02-09 22:26:53 - INFO - Embedding process complete. Successful: 100, Failed: 0
2026-02-09 22:26:53 - INFO - >>> News embedding completed.
2026-02-09 22:26:53 - INFO - STEP 4: Generating News Images...
2026-02-09 22:27:01 - INFO - >>> News images generated successfully.
2026-02-09 22:27:01 - INFO - ============================================================
2026-02-09 22:27:01 - INFO - UPDATE COMPLETE | Duration: 362.54 seconds
2026-02-09 22:27:01 - INFO - ============================================================

2026-02-09 22:27:01 - INFO - Update cycle finished successfully.
2026-02-09 22:27:01 - INFO - Next update scheduled for: 2026-02-10 04:27:01
2026-02-09 22:53:00 - INFO - ========================================================
2026-02-09 22:53:00 - INFO - NBA DATA CONTINUOUS UPDATE SERVICE STARTED
2026-02-09 22:53:00 - INFO - Frequency: Every 6 hours
2026-02-09 22:53:00 - INFO - ========================================================
2026-02-09 22:53:00 - INFO - Starting scheduled data update...
2026-02-09 22:53:00 - INFO - ============================================================
2026-02-09 22:53:00 - INFO - STARTING AUTOMATED DATA UPDATE
2026-02-09 22:53:00 - INFO - ============================================================
2026-02-09 22:53:00 - INFO - STEP 1: Updating Game Statistics...
2026-02-09 22:53:01 - INFO - >>> Stats update completed successfully.
2026-02-09 22:53:01 - INFO - STEP 2: Updating NBA News...
2026-02-09 22:53:26 - INFO - >>> News update completed.
2026-02-09 22:53:26 - INFO - STEP 3: Embedding News Articles...
2026-02-09 22:53:26 - INFO - Creating HNSW index for faster similarity searches...
2026-02-09 22:53:26 - WARNING - Could not create HNSW index: ´íÎó:  column does not have dimensions

2026-02-09 22:53:26 - INFO - Trying IVF index instead...
2026-02-09 22:53:26 - WARNING - Could not create IVF index: ´íÎó:  column does not have dimensions

2026-02-09 22:53:26 - INFO - Continuing without index. Searches will be slower.
2026-02-09 22:53:26 - INFO - Database setup complete
2026-02-09 22:53:28 - INFO - Found 41 news articles without embeddings
2026-02-09 22:53:28 - INFO - Processing batch 1/3 (0/41)
2026-02-09 22:53:34 - INFO - Updated news ID 9059 with embedding
2026-02-09 22:53:37 - INFO - Updated news ID 9060 with embedding
2026-02-09 22:53:39 - INFO - Updated news ID 9061 with embedding
2026-02-09 22:53:42 - INFO - Updated news ID 9062 with embedding
2026-02-09 22:53:45 - INFO - Updated news ID 9097 with embedding
2026-02-09 22:53:48 - INFO - Updated news ID 9082 with embedding
2026-02-09 22:53:51 - INFO - Updated news ID 9083 with embedding
2026-02-09 22:53:54 - INFO - Updated news ID 9084 with embedding
2026-02-09 22:53:57 - INFO - Updated news ID 9085 with embedding
2026-02-09 22:54:00 - INFO - Updated news ID 9086 with embedding
2026-02-09 22:54:02 - INFO - Updated news ID 9087 with embedding
2026-02-09 22:54:05 - INFO - Updated news ID 9088 with embedding
2026-02-09 22:54:08 - INFO - Updated news ID 9089 with embedding
2026-02-09 22:54:11 - INFO - Updated news ID 9090 with embedding
2026-02-09 22:54:14 - INFO - Updated news ID 9091 with embedding
2026-02-09 22:54:17 - INFO - Updated news ID 9092 with embedding
2026-02-09 22:54:20 - INFO - Updated news ID 9093 with embedding
2026-02-09 22:54:23 - INFO - Updated news ID 9099 with embedding
2026-02-09 22:54:26 - INFO - Updated news ID 9100 with embedding
2026-02-09 22:54:29 - INFO - Updated news ID 9101 with embedding
2026-02-09 22:54:29 - INFO - Processing batch 2/3 (20/41)
2026-02-09 22:54:32 - INFO - Updated news ID 9102 with embedding
2026-02-09 22:54:35 - INFO - Updated news ID 9103 with embedding
2026-02-09 22:54:38 - INFO - Updated news ID 9104 with embedding
2026-02-09 22:54:41 - INFO - Updated news ID 9105 with embedding
2026-02-09 22:54:44 - INFO - Updated news ID 9106 with embedding
2026-02-09 22:54:47 - INFO - Updated news ID 9107 with embedding
2026-02-09 22:54:50 - INFO - Updated news ID 9108 with embedding
2026-02-09 22:54:52 - INFO - Updated news ID 9109 with embedding
2026-02-09 22:54:55 - INFO - Updated news ID 9110 with embedding
2026-02-09 22:54:58 - INFO - Updated news ID 9111 with embedding
2026-02-09 22:55:01 - INFO - Updated news ID 9112 with embedding
2026-02-09 22:55:04 - INFO - Updated news ID 9113 with embedding
2026-02-09 22:55:07 - INFO - Updated news ID 9114 with embedding
2026-02-09 22:55:10 - INFO - Updated news ID 9115 with embedding
2026-02-09 22:55:13 - INFO - Updated news ID 9116 with embedding
2026-02-09 22:55:15 - INFO - Updated news ID 9117 with embedding
2026-02-09 22:55:18 - INFO - Updated news ID 9118 with embedding
2026-02-09 22:55:21 - INFO - Updated news ID 9119 with embedding
2026-02-09 22:55:24 - INFO - Updated news ID 9120 with embedding
2026-02-09 22:55:27 - INFO - Updated news ID 9122 with embedding
2026-02-09 22:55:27 - INFO - Processing batch 3/3 (40/41)
2026-02-09 22:55:30 - INFO - Updated news ID 9123 with embedding
2026-02-09 22:55:30 - INFO - Embedding process complete. Successful: 41, Failed: 0
2026-02-09 22:55:30 - INFO - >>> News embedding completed.
2026-02-09 22:55:30 - INFO - STEP 4: Generating News Images...
2026-02-09 22:55:38 - INFO - >>> News images generated successfully.
2026-02-09 22:55:38 - INFO - ============================================================
2026-02-09 22:55:38 - INFO - UPDATE COMPLETE | Duration: 157.79 seconds
2026-02-09 22:55:38 - INFO - ============================================================

2026-02-09 22:55:38 - INFO - Update cycle finished successfully.
2026-02-09 22:55:38 - INFO - Next update scheduled for: 2026-02-10 04:55:38
2026-02-13 23:55:29 - INFO - ========================================================
2026-02-13 23:55:29 - INFO - NBA DATA CONTINUOUS UPDATE SERVICE STARTED
2026-02-13 23:55:29 - INFO - Frequency: Every 6 hours
2026-02-13 23:55:29 - INFO - ========================================================
2026-02-13 23:55:29 - INFO - Starting scheduled data update...
2026-02-13 23:55:29 - INFO - ============================================================
2026-02-13 23:55:29 - INFO - STARTING AUTOMATED DATA UPDATE
2026-02-13 23:55:29 - INFO - ============================================================
2026-02-13 23:55:29 - INFO - STEP 1: Updating Game Statistics...
2026-02-13 23:55:30 - INFO - >>> Stats update completed successfully.
2026-02-13 23:55:30 - INFO - STEP 2: Updating NBA News...
2026-02-19 19:36:23 - INFO - ========================================================
2026-02-19 19:36:23 - INFO - NBA DATA CONTINUOUS UPDATE SERVICE STARTED
2026-02-19 19:36:23 - INFO - Frequency: Every 6 hours
2026-02-19 19:36:23 - INFO - ========================================================
2026-02-19 19:36:23 - INFO - Starting scheduled data update...
2026-02-19 19:36:23 - INFO - ============================================================
2026-02-19 19:36:23 - INFO - STARTING AUTOMATED DATA UPDATE
2026-02-19 19:36:23 - INFO - ============================================================
2026-02-19 19:36:23 - INFO - STEP 1: Updating Game Statistics...
2026-02-19 19:50:40 - INFO - ========================================================
2026-02-19 19:50:40 - INFO - NBA DATA CONTINUOUS UPDATE SERVICE STARTED
2026-02-19 19:50:40 - INFO - Frequency: Every 6 hours
2026-02-19 19:50:40 - INFO - ========================================================
2026-02-19 19:50:40 - INFO - Starting scheduled data update...
2026-02-19 19:50:40 - INFO - ============================================================
2026-02-19 19:50:40 - INFO - STARTING AUTOMATED DATA UPDATE
2026-02-19 19:50:40 - INFO - ============================================================
2026-02-19 19:50:40 - INFO - STEP 1: Updating Game Statistics...
2026-02-19 19:50:45 - INFO - >>> Stats update completed successfully.
2026-02-19 19:50:45 - INFO - STEP 2: Updating NBA News...
2026-02-19 20:43:30 - INFO - ========================================================
2026-02-19 20:43:30 - INFO - NBA DATA CONTINUOUS UPDATE SERVICE STARTED
2026-02-19 20:43:30 - INFO - Frequency: Every 6 hours
2026-02-19 20:43:30 - INFO - ========================================================
2026-02-19 20:43:30 - INFO - Starting scheduled data update...
2026-02-19 20:43:30 - INFO - ============================================================
2026-02-19 20:43:30 - INFO - STARTING AUTOMATED DATA UPDATE
2026-02-19 20:43:30 - INFO - ============================================================
2026-02-19 20:43:30 - INFO - STEP 1: Updating Game Statistics...
2026-02-19 21:54:44 - INFO - ========================================================
2026-02-19 21:54:44 - INFO - NBA DATA CONTINUOUS UPDATE SERVICE STARTED
2026-02-19 21:54:44 - INFO - Frequency: Every 6 hours
2026-02-19 21:54:44 - INFO - ========================================================
2026-02-19 21:54:44 - INFO - Starting scheduled data update...
2026-02-19 21:54:44 - INFO - ============================================================
2026-02-19 21:54:44 - INFO - STARTING AUTOMATED DATA UPDATE
2026-02-19 21:54:44 - INFO - ============================================================
2026-02-19 21:54:44 - INFO - STEP 1: Updating Game Statistics...
2026-03-04 03:50:12 - INFO - ============================================================
2026-03-04 03:50:12 - INFO - STARTING AUTOMATED DATA UPDATE
2026-03-04 03:50:12 - INFO - ============================================================
2026-03-04 03:50:12 - INFO - STEP 1: Updating Game Statistics...
2026-03-04 03:50:12 - INFO - >>> Stats update completed successfully.
2026-03-04 03:50:12 - INFO - STEP 2: Updating NBA News...
2026-03-04 03:51:39 - INFO - >>> News update completed.
2026-03-04 03:51:39 - INFO - STEP 3: Embedding News Articles...
2026-03-04 03:51:39 - INFO - Creating HNSW index for faster similarity searches...
2026-03-04 03:51:39 - WARNING - Could not create HNSW index: ´íÎó:  column does not have dimensions

2026-03-04 03:51:39 - INFO - Trying IVF index instead...
2026-03-04 03:51:39 - WARNING - Could not create IVF index: ´íÎó:  column does not have dimensions

2026-03-04 03:51:39 - INFO - Continuing without index. Searches will be slower.
2026-03-04 03:51:39 - INFO - Database setup complete
2026-03-04 03:51:41 - INFO - Found 23 news articles without embeddings
2026-03-04 03:51:41 - INFO - Processing batch 1/2 (0/23)
2026-03-04 03:51:54 - INFO - Updated news ID 9130 with embedding
2026-03-04 03:51:57 - INFO - Updated news ID 9131 with embedding
2026-03-04 03:52:00 - INFO - Updated news ID 9132 with embedding
2026-03-04 03:52:02 - INFO - Updated news ID 9133 with embedding
2026-03-04 03:52:05 - INFO - Updated news ID 9134 with embedding
2026-03-04 03:52:08 - INFO - Updated news ID 9135 with embedding
2026-03-04 03:52:11 - INFO - Updated news ID 9136 with embedding
2026-03-04 03:52:14 - INFO - Updated news ID 9137 with embedding
2026-03-04 03:52:17 - INFO - Updated news ID 9138 with embedding
2026-03-04 03:52:20 - INFO - Updated news ID 9139 with embedding
2026-03-04 03:52:23 - INFO - Updated news ID 9140 with embedding
2026-03-04 03:52:25 - INFO - Updated news ID 9141 with embedding
2026-03-04 03:52:28 - INFO - Updated news ID 9142 with embedding
2026-03-04 03:52:31 - INFO - Updated news ID 9143 with embedding
2026-03-04 03:52:34 - INFO - Updated news ID 9144 with embedding
2026-03-04 03:52:37 - INFO - Updated news ID 9145 with embedding
2026-03-04 03:52:40 - INFO - Updated news ID 9146 with embedding
2026-03-04 03:52:43 - INFO - Updated news ID 9147 with embedding
2026-03-04 03:52:46 - INFO - Updated news ID 9148 with embedding
2026-03-04 03:52:48 - INFO - Updated news ID 9149 with embedding
2026-03-04 03:52:49 - INFO - Processing batch 2/2 (20/23)
2026-03-04 03:52:51 - INFO - Updated news ID 9150 with embedding
2026-03-04 03:52:54 - INFO - Updated news ID 9151 with embedding
2026-03-04 03:52:57 - INFO - Updated news ID 9152 with embedding
2026-03-04 03:52:58 - INFO - Embedding process complete. Successful: 23, Failed: 0
2026-03-04 03:52:58 - INFO - >>> News embedding completed.
2026-03-04 03:52:58 - INFO - STEP 4: Generating News Images...
2026-03-04 03:53:46 - INFO - >>> News images generated successfully.
2026-03-04 03:53:46 - INFO - ============================================================
2026-03-04 03:53:46 - INFO - UPDATE COMPLETE | Duration: 213.51 seconds
2026-03-04 03:53:46 - INFO - ============================================================

2026-03-04 05:13:20 - INFO - ========================================================
2026-03-04 05:13:20 - INFO - NBA DATA CONTINUOUS UPDATE SERVICE STARTED
2026-03-04 05:13:20 - INFO - Frequency: Every 6 hours
2026-03-04 05:13:20 - INFO - ========================================================
2026-03-04 05:13:20 - INFO - Starting scheduled data update...
2026-03-04 05:13:20 - INFO - ============================================================
2026-03-04 05:13:20 - INFO - STARTING AUTOMATED DATA UPDATE
2026-03-04 05:13:20 - INFO - ============================================================
2026-03-04 05:13:20 - INFO - STEP 1: Updating Game Statistics...
2026-03-04 05:13:20 - INFO - >>> Stats update completed successfully.
2026-03-04 05:13:20 - INFO - STEP 2: Updating NBA News...
2026-03-04 05:13:47 - INFO - >>> News update completed.
2026-03-04 05:13:47 - INFO - STEP 3: Embedding News Articles...
2026-03-04 05:13:47 - INFO - Creating HNSW index for faster similarity searches...
2026-03-04 05:13:47 - WARNING - Could not create HNSW index: ´íÎó:  column does not have dimensions

2026-03-04 05:13:47 - INFO - Trying IVF index instead...
2026-03-04 05:13:47 - WARNING - Could not create IVF index: ´íÎó:  column does not have dimensions

2026-03-04 05:13:47 - INFO - Continuing without index. Searches will be slower.
2026-03-04 05:13:47 - INFO - Database setup complete
2026-03-04 05:13:49 - INFO - Found 0 news articles without embeddings
2026-03-04 05:13:49 - INFO - No news articles to process.
2026-03-04 05:13:49 - INFO - >>> News embedding completed.
2026-03-04 05:13:49 - INFO - STEP 4: Generating News Images...
2026-03-04 05:14:42 - INFO - >>> News images generated successfully.
2026-03-04 05:14:42 - INFO - ============================================================
2026-03-04 05:14:42 - INFO - UPDATE COMPLETE | Duration: 81.80 seconds
2026-03-04 05:14:42 - INFO - ============================================================

2026-03-04 05:14:42 - INFO - Update cycle finished successfully.
2026-03-04 05:14:42 - INFO - Next update scheduled for: 2026-03-04 11:14:42
2026-03-04 05:28:06 - INFO - ============================================================
2026-03-04 05:28:06 - INFO - STARTING AUTOMATED DATA UPDATE
2026-03-04 05:28:06 - INFO - ============================================================
2026-03-04 05:28:06 - INFO - STEP 1: Updating Game Statistics...
2026-03-04 05:28:06 - INFO - >>> Stats update completed successfully.
2026-03-04 05:28:06 - INFO - STEP 2: Updating NBA News...
2026-03-04 05:28:30 - INFO - >>> News update completed.
2026-03-04 05:28:30 - INFO - STEP 3: Embedding News Articles...
2026-03-04 05:28:30 - INFO - Creating HNSW index for faster similarity searches...
2026-03-04 05:28:30 - WARNING - Could not create HNSW index: ´íÎó:  column does not have dimensions

2026-03-04 05:28:30 - INFO - Trying IVF index instead...
2026-03-04 05:28:30 - WARNING - Could not create IVF index: ´íÎó:  column does not have dimensions

2026-03-04 05:28:30 - INFO - Continuing without index. Searches will be slower.
2026-03-04 05:28:30 - INFO - Database setup complete
2026-03-04 05:28:32 - INFO - Found 1 news articles without embeddings
2026-03-04 05:28:32 - INFO - Processing batch 1/1 (0/1)
2026-03-04 05:28:38 - INFO - Updated news ID 9153 with embedding
2026-03-04 05:28:38 - INFO - Embedding process complete. Successful: 1, Failed: 0
2026-03-04 05:28:38 - INFO - >>> News embedding completed.
2026-03-04 05:28:38 - INFO - STEP 4: Generating News Images...
2026-03-04 05:29:32 - INFO - >>> News images generated successfully.
2026-03-04 05:29:32 - INFO - ============================================================
2026-03-04 05:29:32 - INFO - UPDATE COMPLETE | Duration: 86.34 seconds
2026-03-04 05:29:32 - INFO - ============================================================

2026-03-04 05:57:21 - INFO - ========================================================
2026-03-04 05:57:21 - INFO - NBA DATA CONTINUOUS UPDATE SERVICE STARTED
2026-03-04 05:57:21 - INFO - Frequency: Every 6 hours
2026-03-04 05:57:21 - INFO - ========================================================
2026-03-04 05:57:21 - INFO - Starting scheduled data update...
2026-03-04 05:57:21 - INFO - ============================================================
2026-03-04 05:57:21 - INFO - STARTING AUTOMATED DATA UPDATE
2026-03-04 05:57:21 - INFO - ============================================================
2026-03-04 05:57:21 - INFO - STEP 1: Updating Game Statistics...
2026-03-04 05:57:21 - INFO - >>> Stats update completed successfully.
2026-03-04 05:57:21 - INFO - STEP 2: Updating NBA News...
2026-03-04 05:57:52 - INFO - >>> News update completed.
2026-03-04 05:57:52 - INFO - STEP 3: Embedding News Articles...
2026-03-04 05:57:52 - INFO - Creating HNSW index for faster similarity searches...
2026-03-04 05:57:52 - WARNING - Could not create HNSW index: ´íÎó:  column does not have dimensions

2026-03-04 05:57:52 - INFO - Trying IVF index instead...
2026-03-04 05:57:52 - WARNING - Could not create IVF index: ´íÎó:  column does not have dimensions

2026-03-04 05:57:52 - INFO - Continuing without index. Searches will be slower.
2026-03-04 05:57:52 - INFO - Database setup complete
2026-03-04 05:57:54 - INFO - Found 100 news articles without embeddings
2026-03-04 05:57:54 - INFO - Processing batch 1/5 (0/100)
2026-03-04 05:57:59 - INFO - Updated news ID 9163 with embedding
2026-03-04 05:58:11 - INFO - Updated news ID 9154 with embedding
2026-03-04 05:58:23 - INFO - Updated news ID 9156 with embedding
2026-03-04 05:58:37 - INFO - Updated news ID 9164 with embedding
2026-03-04 05:58:49 - INFO - Updated news ID 9165 with embedding
2026-03-04 05:59:01 - INFO - Updated news ID 9166 with embedding
2026-03-04 05:59:14 - INFO - Updated news ID 9167 with embedding
2026-03-04 05:59:27 - INFO - Updated news ID 9168 with embedding
2026-03-04 05:59:38 - INFO - Updated news ID 9169 with embedding
2026-03-04 05:59:50 - INFO - Updated news ID 9170 with embedding
2026-03-04 06:00:01 - INFO - Updated news ID 9171 with embedding
2026-03-04 06:00:11 - INFO - Updated news ID 9172 with embedding
2026-03-04 06:00:23 - INFO - Updated news ID 9173 with embedding
2026-03-04 06:00:36 - INFO - Updated news ID 9174 with embedding
2026-03-04 06:00:49 - INFO - Updated news ID 9175 with embedding
2026-03-04 06:01:02 - INFO - Updated news ID 9176 with embedding
2026-03-04 06:01:13 - INFO - Updated news ID 9177 with embedding
2026-03-04 06:01:24 - INFO - Updated news ID 9178 with embedding
2026-03-04 06:01:36 - INFO - Updated news ID 9179 with embedding
2026-03-04 06:01:47 - INFO - Updated news ID 9180 with embedding
2026-03-04 06:01:47 - INFO - Processing batch 2/5 (20/100)
2026-03-04 06:02:02 - INFO - Updated news ID 9181 with embedding
2026-03-04 06:02:15 - INFO - Updated news ID 9182 with embedding
2026-03-04 06:02:28 - INFO - Updated news ID 9183 with embedding
2026-03-04 06:02:45 - INFO - Updated news ID 9155 with embedding
2026-03-04 06:02:56 - INFO - Updated news ID 9157 with embedding
2026-03-04 06:03:06 - INFO - Updated news ID 9158 with embedding
2026-03-04 06:03:20 - INFO - Updated news ID 9184 with embedding
2026-03-04 06:03:33 - INFO - Updated news ID 9185 with embedding
2026-03-04 06:03:45 - INFO - Updated news ID 9186 with embedding
2026-03-04 06:03:57 - INFO - Updated news ID 9187 with embedding
2026-03-04 06:04:08 - INFO - Updated news ID 9188 with embedding
2026-03-04 06:04:19 - INFO - Updated news ID 9189 with embedding
2026-03-04 06:04:29 - INFO - Updated news ID 9190 with embedding
2026-03-04 06:04:40 - INFO - Updated news ID 9191 with embedding
2026-03-04 06:04:51 - INFO - Updated news ID 9192 with embedding
2026-03-04 06:05:05 - INFO - Updated news ID 9193 with embedding
2026-03-04 06:05:17 - INFO - Updated news ID 9194 with embedding
2026-03-04 06:05:28 - INFO - Updated news ID 9159 with embedding
2026-03-04 06:05:39 - INFO - Updated news ID 9160 with embedding
2026-03-04 06:05:50 - INFO - Updated news ID 9161 with embedding
2026-03-04 06:05:51 - INFO - Processing batch 3/5 (40/100)
2026-03-04 06:06:00 - INFO - Updated news ID 9162 with embedding
2026-03-04 06:06:13 - INFO - Updated news ID 9195 with embedding
2026-03-04 06:06:25 - INFO - Updated news ID 9196 with embedding
2026-03-04 06:06:36 - INFO - Updated news ID 9197 with embedding
2026-03-04 06:06:48 - INFO - Updated news ID 9198 with embedding
2026-03-04 06:06:57 - INFO - Updated news ID 9199 with embedding
2026-03-04 06:07:08 - INFO - Updated news ID 9200 with embedding
2026-03-04 06:07:18 - INFO - Updated news ID 9201 with embedding
2026-03-04 06:07:30 - INFO - Updated news ID 9202 with embedding
2026-03-04 06:07:40 - INFO - Updated news ID 9203 with embedding
2026-03-04 06:07:52 - INFO - Updated news ID 9204 with embedding
2026-03-04 06:08:04 - INFO - Updated news ID 9205 with embedding
2026-03-04 06:08:15 - INFO - Updated news ID 9206 with embedding
2026-03-04 06:08:26 - INFO - Updated news ID 9207 with embedding
2026-03-04 06:08:38 - INFO - Updated news ID 9208 with embedding
2026-03-04 06:08:48 - INFO - Updated news ID 9209 with embedding
2026-03-04 06:08:59 - INFO - Updated news ID 9210 with embedding
2026-03-04 06:09:10 - INFO - Updated news ID 9211 with embedding
2026-03-04 06:09:22 - INFO - Updated news ID 9212 with embedding
2026-03-04 06:09:32 - INFO - Updated news ID 9213 with embedding
2026-03-04 06:09:33 - INFO - Processing batch 4/5 (60/100)
2026-03-04 06:09:43 - INFO - Updated news ID 9214 with embedding
2026-03-04 06:09:54 - INFO - Updated news ID 9215 with embedding
2026-03-04 06:10:03 - INFO - Updated news ID 9216 with embedding
2026-03-04 06:10:14 - INFO - Updated news ID 9217 with embedding
2026-03-04 06:10:26 - INFO - Updated news ID 9218 with embedding
2026-03-04 06:10:37 - INFO - Updated news ID 9219 with embedding
2026-03-04 06:10:48 - INFO - Updated news ID 9220 with embedding
2026-03-04 06:10:58 - INFO - Updated news ID 9221 with embedding
2026-03-04 06:11:09 - INFO - Updated news ID 9222 with embedding
2026-03-04 06:11:22 - INFO - Updated news ID 9223 with embedding
2026-03-04 06:11:34 - INFO - Updated news ID 9224 with embedding
2026-03-04 06:11:44 - INFO - Updated news ID 9225 with embedding
2026-03-04 06:11:55 - INFO - Updated news ID 9226 with embedding
2026-03-04 06:12:05 - INFO - Updated news ID 9227 with embedding
2026-03-04 06:12:16 - INFO - Updated news ID 9228 with embedding
2026-03-04 06:12:28 - INFO - Updated news ID 9229 with embedding
2026-03-04 06:12:38 - INFO - Updated news ID 9230 with embedding
2026-03-04 06:12:48 - INFO - Updated news ID 9231 with embedding
2026-03-04 06:12:59 - INFO - Updated news ID 9232 with embedding
2026-03-04 06:13:09 - INFO - Updated news ID 9233 with embedding
2026-03-04 06:13:09 - INFO - Processing batch 5/5 (80/100)
2026-03-04 06:13:20 - INFO - Updated news ID 9234 with embedding
2026-03-04 06:13:30 - INFO - Updated news ID 9235 with embedding
2026-03-04 06:13:39 - INFO - Updated news ID 9236 with embedding
2026-03-04 06:13:50 - INFO - Updated news ID 9237 with embedding
2026-03-04 06:13:59 - INFO - Updated news ID 9238 with embedding
2026-03-04 06:14:10 - INFO - Updated news ID 9239 with embedding
2026-03-04 06:14:22 - INFO - Updated news ID 9240 with embedding
2026-03-04 06:14:33 - INFO - Updated news ID 9241 with embedding
2026-03-04 06:14:44 - INFO - Updated news ID 9242 with embedding
2026-03-04 06:14:56 - INFO - Updated news ID 9243 with embedding
2026-03-04 06:15:07 - INFO - Updated news ID 9244 with embedding
2026-03-04 06:15:19 - INFO - Updated news ID 9245 with embedding
2026-03-04 06:15:30 - INFO - Updated news ID 9246 with embedding
2026-03-04 06:15:42 - INFO - Updated news ID 9247 with embedding
2026-03-04 06:15:53 - INFO - Updated news ID 9248 with embedding
2026-03-04 06:16:03 - INFO - Updated news ID 9249 with embedding
2026-03-04 06:16:12 - INFO - Updated news ID 9250 with embedding
2026-03-04 06:16:21 - INFO - Updated news ID 9251 with embedding
2026-03-04 06:16:32 - INFO - Updated news ID 9252 with embedding
2026-03-04 06:16:45 - INFO - Updated news ID 9253 with embedding
2026-03-04 06:16:45 - INFO - Embedding process complete. Successful: 100, Failed: 0
2026-03-04 06:16:45 - INFO - >>> News embedding completed.
2026-03-04 06:16:45 - INFO - STEP 4: Generating News Images...
2026-03-04 06:30:28 - INFO - >>> News images generated successfully.
2026-03-04 06:30:28 - INFO - ============================================================
2026-03-04 06:30:28 - INFO - UPDATE COMPLETE | Duration: 1987.36 seconds
2026-03-04 06:30:28 - INFO - ============================================================

2026-03-04 06:30:28 - INFO - Update cycle finished successfully.
2026-03-04 06:30:28 - INFO - Next update scheduled for: 2026-03-04 12:30:28
2026-03-04 06:59:51 - INFO - ========================================================
2026-03-04 06:59:51 - INFO - NBA DATA CONTINUOUS UPDATE SERVICE STARTED
2026-03-04 06:59:51 - INFO - Frequency: Every 6 hours
2026-03-04 06:59:51 - INFO - ========================================================
2026-03-04 06:59:51 - INFO - Starting scheduled data update...
2026-03-04 06:59:51 - INFO - ============================================================
2026-03-04 06:59:51 - INFO - STARTING AUTOMATED DATA UPDATE
2026-03-04 06:59:51 - INFO - ============================================================
2026-03-04 06:59:51 - INFO - STEP 1: Updating Game Statistics...
2026-03-04 06:59:51 - INFO - >>> Stats update completed successfully.
2026-03-04 06:59:51 - INFO - STEP 2: Updating NBA News...
2026-03-04 07:00:23 - INFO - >>> News update completed.
2026-03-04 07:00:23 - INFO - STEP 3: Embedding News Articles...
2026-03-04 07:00:23 - INFO - Creating HNSW index for faster similarity searches...
2026-03-04 07:00:23 - WARNING - Could not create HNSW index: ´íÎó:  column does not have dimensions

2026-03-04 07:00:23 - INFO - Trying IVF index instead...
2026-03-04 07:00:23 - WARNING - Could not create IVF index: ´íÎó:  column does not have dimensions

2026-03-04 07:00:23 - INFO - Continuing without index. Searches will be slower.
2026-03-04 07:00:23 - INFO - Database setup complete
2026-03-04 07:00:25 - INFO - Found 100 news articles without embeddings
2026-03-04 07:00:25 - INFO - Processing batch 1/5 (0/100)
2026-03-04 07:00:33 - INFO - Updated news ID 9257 with embedding
2026-03-04 07:00:36 - INFO - Updated news ID 9256 with embedding
2026-03-04 07:00:39 - INFO - Updated news ID 9271 with embedding
2026-03-04 07:00:42 - INFO - Updated news ID 9270 with embedding
2026-03-04 07:00:45 - INFO - Updated news ID 9272 with embedding
2026-03-04 07:00:48 - INFO - Updated news ID 9274 with embedding
2026-03-04 07:00:51 - INFO - Updated news ID 9275 with embedding
2026-03-04 07:00:53 - INFO - Updated news ID 9281 with embedding
2026-03-04 07:00:56 - INFO - Updated news ID 9296 with embedding
2026-03-04 07:00:59 - INFO - Updated news ID 9307 with embedding
2026-03-04 07:01:02 - INFO - Updated news ID 9320 with embedding
2026-03-04 07:01:05 - INFO - Updated news ID 9321 with embedding
2026-03-04 07:01:07 - INFO - Updated news ID 9333 with embedding
2026-03-04 07:01:10 - INFO - Updated news ID 9340 with embedding
2026-03-04 07:01:13 - INFO - Updated news ID 9344 with embedding
2026-03-04 07:01:16 - INFO - Updated news ID 9345 with embedding
2026-03-04 07:01:19 - INFO - Updated news ID 9348 with embedding
2026-03-04 07:01:22 - INFO - Updated news ID 9353 with embedding
2026-03-04 07:01:25 - INFO - Updated news ID 9369 with embedding
2026-03-04 07:01:28 - INFO - Updated news ID 9370 with embedding
2026-03-04 07:01:28 - INFO - Processing batch 2/5 (20/100)
2026-03-04 07:01:31 - INFO - Updated news ID 9391 with embedding
2026-03-04 07:01:34 - INFO - Updated news ID 9393 with embedding
2026-03-04 07:01:36 - INFO - Updated news ID 9395 with embedding
2026-03-04 07:01:39 - INFO - Updated news ID 9412 with embedding
2026-03-04 07:01:42 - INFO - Updated news ID 9416 with embedding
2026-03-04 07:01:45 - INFO - Updated news ID 9422 with embedding
2026-03-04 07:01:48 - INFO - Updated news ID 9440 with embedding
2026-03-04 07:01:51 - INFO - Updated news ID 9439 with embedding
2026-03-04 07:01:54 - INFO - Updated news ID 9441 with embedding
2026-03-04 07:01:57 - INFO - Updated news ID 9458 with embedding
2026-03-04 07:02:00 - INFO - Updated news ID 9459 with embedding
2026-03-04 07:02:03 - INFO - Updated news ID 9467 with embedding
2026-03-04 07:02:06 - INFO - Updated news ID 9476 with embedding
2026-03-04 07:02:09 - INFO - Updated news ID 9484 with embedding
2026-03-04 07:02:12 - INFO - Updated news ID 9483 with embedding
2026-03-04 07:02:15 - INFO - Updated news ID 9496 with embedding
2026-03-04 07:02:18 - INFO - Updated news ID 9508 with embedding
2026-03-04 07:02:21 - INFO - Updated news ID 9512 with embedding
2026-03-04 07:02:24 - INFO - Updated news ID 9511 with embedding
2026-03-04 07:02:27 - INFO - Updated news ID 9509 with embedding
2026-03-04 07:02:27 - INFO - Processing batch 3/5 (40/100)
2026-03-04 07:02:30 - INFO - Updated news ID 9524 with embedding
2026-03-04 07:02:33 - INFO - Updated news ID 9533 with embedding
2026-03-04 07:02:36 - INFO - Updated news ID 9557 with embedding
2026-03-04 07:02:39 - INFO - Updated news ID 9561 with embedding
2026-03-04 07:02:41 - INFO - Updated news ID 9563 with embedding
2026-03-04 07:02:44 - INFO - Updated news ID 9573 with embedding
2026-03-04 07:02:47 - INFO - Updated news ID 9575 with embedding
2026-03-04 07:02:50 - INFO - Updated news ID 9576 with embedding
2026-03-04 07:02:53 - INFO - Updated news ID 9584 with embedding
2026-03-04 07:02:56 - INFO - Updated news ID 9585 with embedding
2026-03-04 07:02:59 - INFO - Updated news ID 9593 with embedding
2026-03-04 07:03:02 - INFO - Updated news ID 9600 with embedding
2026-03-04 07:03:05 - INFO - Updated news ID 9601 with embedding
2026-03-04 07:03:08 - INFO - Updated news ID 9664 with embedding
2026-03-04 07:03:11 - INFO - Updated news ID 9663 with embedding
2026-03-04 07:03:14 - INFO - Updated news ID 9665 with embedding
2026-03-04 07:03:17 - INFO - Updated news ID 9662 with embedding
2026-03-04 07:03:20 - INFO - Updated news ID 9254 with embedding
2026-03-04 07:03:23 - INFO - Updated news ID 9258 with embedding
2026-03-04 07:03:26 - INFO - Updated news ID 9259 with embedding
2026-03-04 07:03:26 - INFO - Processing batch 4/5 (60/100)
2026-03-04 07:03:29 - INFO - Updated news ID 9261 with embedding
2026-03-04 07:03:32 - INFO - Updated news ID 9262 with embedding
2026-03-04 07:03:35 - INFO - Updated news ID 9263 with embedding
2026-03-04 07:03:37 - INFO - Updated news ID 9264 with embedding
2026-03-04 07:03:40 - INFO - Updated news ID 9265 with embedding
2026-03-04 07:03:43 - INFO - Updated news ID 9267 with embedding
2026-03-04 07:03:46 - INFO - Updated news ID 9273 with embedding
2026-03-04 07:03:49 - INFO - Updated news ID 9278 with embedding
2026-03-04 07:03:51 - INFO - Updated news ID 9276 with embedding
2026-03-04 07:03:55 - INFO - Updated news ID 9277 with embedding
2026-03-04 07:03:57 - INFO - Updated news ID 9282 with embedding
2026-03-04 07:04:00 - INFO - Updated news ID 9280 with embedding
2026-03-04 07:04:03 - INFO - Updated news ID 9284 with embedding
2026-03-24 23:25:24 - INFO - ========================================================
2026-03-24 23:25:24 - INFO - NBA DATA CONTINUOUS UPDATE SERVICE STARTED
2026-03-24 23:25:24 - INFO - Frequency: Every 6 hours
2026-03-24 23:25:24 - INFO - ========================================================
2026-03-24 23:25:24 - INFO - Starting scheduled data update...
2026-03-24 23:25:24 - INFO - ============================================================
2026-03-24 23:25:24 - INFO - STARTING AUTOMATED DATA UPDATE
2026-03-24 23:25:24 - INFO - ============================================================
2026-03-24 23:25:24 - INFO - STEP 1: Updating Game Statistics...
2026-03-24 23:25:25 - INFO - >>> Stats update completed successfully.
2026-03-24 23:25:25 - INFO - STEP 2: Updating NBA News...
2026-03-24 23:26:22 - INFO - >>> News update completed.
2026-03-24 23:26:22 - INFO - STEP 3: Embedding News Articles...
2026-03-24 23:26:22 - INFO - Creating HNSW index for faster similarity searches...
2026-03-24 23:26:22 - WARNING - Could not create HNSW index: ´íÎó:  column does not have dimensions

2026-03-24 23:26:22 - INFO - Trying IVF index instead...
2026-03-24 23:26:22 - WARNING - Could not create IVF index: ´íÎó:  column does not have dimensions

2026-03-24 23:26:22 - INFO - Continuing without index. Searches will be slower.
2026-03-24 23:26:22 - INFO - Database setup complete
2026-03-24 23:26:24 - INFO - Found 100 news articles without embeddings
2026-03-24 23:26:24 - INFO - Processing batch 1/5 (0/100)
2026-03-24 23:26:38 - INFO - Updated news ID 9283 with embedding
2026-03-24 23:26:41 - INFO - Updated news ID 9287 with embedding
2026-03-24 23:26:44 - INFO - Updated news ID 9288 with embedding
2026-03-24 23:26:47 - INFO - Updated news ID 9290 with embedding
2026-03-24 23:26:50 - INFO - Updated news ID 9294 with embedding
2026-03-24 23:26:53 - INFO - Updated news ID 9292 with embedding
2026-03-24 23:26:56 - INFO - Updated news ID 9291 with embedding
2026-03-24 23:26:59 - INFO - Updated news ID 9293 with embedding
2026-03-24 23:27:02 - INFO - Updated news ID 9298 with embedding
2026-03-24 23:27:04 - INFO - Updated news ID 9300 with embedding
2026-03-24 23:27:07 - INFO - Updated news ID 9302 with embedding
2026-03-24 23:27:10 - INFO - Updated news ID 9306 with embedding
2026-03-24 23:27:13 - INFO - Updated news ID 9305 with embedding
2026-03-24 23:27:16 - INFO - Updated news ID 9308 with embedding
2026-03-24 23:27:19 - INFO - Updated news ID 9309 with embedding
2026-03-24 23:27:21 - INFO - Updated news ID 9311 with embedding
2026-03-24 23:27:24 - INFO - Updated news ID 9314 with embedding
2026-03-24 23:27:27 - INFO - Updated news ID 9316 with embedding
2026-03-24 23:27:30 - INFO - Updated news ID 9313 with embedding
2026-03-24 23:27:33 - INFO - Updated news ID 9315 with embedding
2026-03-24 23:27:33 - INFO - Processing batch 2/5 (20/100)
2026-03-24 23:27:36 - INFO - Updated news ID 9317 with embedding
2026-03-24 23:27:39 - INFO - Updated news ID 9318 with embedding
2026-03-24 23:27:41 - INFO - Updated news ID 9322 with embedding
2026-03-24 23:27:44 - INFO - Updated news ID 9324 with embedding
2026-03-24 23:27:47 - INFO - Updated news ID 9330 with embedding
2026-03-24 23:27:50 - INFO - Updated news ID 9325 with embedding
2026-03-24 23:27:53 - INFO - Updated news ID 9326 with embedding
2026-03-24 23:27:56 - INFO - Updated news ID 9327 with embedding
2026-03-24 23:27:59 - INFO - Updated news ID 9329 with embedding
2026-03-24 23:28:02 - INFO - Updated news ID 9331 with embedding
2026-03-24 23:28:05 - INFO - Updated news ID 9332 with embedding
2026-03-24 23:28:07 - INFO - Updated news ID 9334 with embedding
2026-03-24 23:28:10 - INFO - Updated news ID 9335 with embedding
2026-03-24 23:28:13 - INFO - Updated news ID 9336 with embedding
2026-03-24 23:28:16 - INFO - Updated news ID 9338 with embedding
2026-03-24 23:28:19 - INFO - Updated news ID 9341 with embedding
2026-03-24 23:28:22 - INFO - Updated news ID 9342 with embedding
2026-03-24 23:28:25 - INFO - Updated news ID 9343 with embedding
2026-03-24 23:28:27 - INFO - Updated news ID 9346 with embedding
2026-03-24 23:28:30 - INFO - Updated news ID 9347 with embedding
2026-03-24 23:28:31 - INFO - Processing batch 3/5 (40/100)
2026-03-24 23:28:33 - INFO - Updated news ID 9349 with embedding
2026-03-24 23:28:36 - INFO - Updated news ID 9350 with embedding
2026-03-24 23:28:40 - INFO - Updated news ID 9351 with embedding
2026-03-24 23:28:42 - INFO - Updated news ID 9356 with embedding
2026-03-24 23:28:45 - INFO - Updated news ID 9354 with embedding
2026-03-24 23:28:48 - INFO - Updated news ID 9358 with embedding
2026-03-24 23:28:51 - INFO - Updated news ID 9360 with embedding
2026-03-24 23:28:54 - INFO - Updated news ID 9362 with embedding
2026-03-24 23:28:57 - INFO - Updated news ID 9361 with embedding
2026-03-24 23:28:59 - INFO - Updated news ID 9365 with embedding
2026-03-24 23:29:02 - INFO - Updated news ID 9368 with embedding
2026-03-24 23:29:06 - INFO - Updated news ID 9375 with embedding
2026-03-24 23:29:09 - INFO - Updated news ID 9373 with embedding
2026-03-24 23:29:12 - INFO - Updated news ID 9374 with embedding
2026-03-24 23:29:14 - INFO - Updated news ID 9377 with embedding
2026-03-24 23:29:17 - INFO - Updated news ID 9379 with embedding
2026-03-24 23:29:20 - INFO - Updated news ID 9385 with embedding
2026-03-24 23:29:23 - INFO - Updated news ID 9383 with embedding
2026-03-24 23:29:26 - INFO - Updated news ID 9384 with embedding
2026-03-24 23:29:29 - INFO - Updated news ID 9389 with embedding
2026-03-24 23:29:29 - INFO - Processing batch 4/5 (60/100)
2026-03-24 23:29:32 - INFO - Updated news ID 9388 with embedding
2026-03-24 23:29:35 - INFO - Updated news ID 9392 with embedding
2026-03-24 23:29:37 - INFO - Updated news ID 9397 with embedding
2026-03-24 23:29:40 - INFO - Updated news ID 9401 with embedding
2026-03-24 23:29:43 - INFO - Updated news ID 9405 with embedding
2026-03-24 23:29:46 - INFO - Updated news ID 9407 with embedding
2026-03-24 23:29:49 - INFO - Updated news ID 9408 with embedding
2026-03-24 23:29:52 - INFO - Updated news ID 9410 with embedding
2026-03-24 23:29:55 - INFO - Updated news ID 9414 with embedding
2026-03-24 23:29:58 - INFO - Updated news ID 9419 with embedding
2026-03-24 23:30:01 - INFO - Updated news ID 9421 with embedding
2026-03-24 23:30:04 - INFO - Updated news ID 9426 with embedding
2026-03-24 23:30:07 - INFO - Updated news ID 9424 with embedding
2026-03-24 23:30:10 - INFO - Updated news ID 9427 with embedding
2026-03-24 23:30:12 - INFO - Updated news ID 9430 with embedding
2026-03-24 23:30:15 - INFO - Updated news ID 9431 with embedding
2026-03-24 23:30:18 - INFO - Updated news ID 9432 with embedding
2026-03-24 23:30:21 - INFO - Updated news ID 9428 with embedding
2026-03-24 23:30:24 - INFO - Updated news ID 9436 with embedding
2026-03-24 23:30:27 - INFO - Updated news ID 9443 with embedding
2026-03-24 23:30:27 - INFO - Processing batch 5/5 (80/100)
2026-03-24 23:30:30 - INFO - Updated news ID 9437 with embedding
2026-03-24 23:30:33 - INFO - Updated news ID 9445 with embedding
2026-03-24 23:30:36 - INFO - Updated news ID 9446 with embedding
2026-03-24 23:30:38 - INFO - Updated news ID 9448 with embedding
2026-03-24 23:30:41 - INFO - Updated news ID 9447 with embedding
2026-03-24 23:30:44 - INFO - Updated news ID 9449 with embedding
2026-03-24 23:30:47 - INFO - Updated news ID 9451 with embedding
2026-03-24 23:30:50 - INFO - Updated news ID 9452 with embedding
2026-03-24 23:30:53 - INFO - Updated news ID 9453 with embedding
2026-03-24 23:30:56 - INFO - Updated news ID 9454 with embedding
2026-03-24 23:30:58 - INFO - Updated news ID 9457 with embedding
2026-03-24 23:31:01 - INFO - Updated news ID 9455 with embedding
2026-03-24 23:31:04 - INFO - Updated news ID 9463 with embedding
2026-03-24 23:31:07 - INFO - Updated news ID 9460 with embedding
2026-03-24 23:31:10 - INFO - Updated news ID 9464 with embedding
2026-03-24 23:31:13 - INFO - Updated news ID 9469 with embedding
2026-03-24 23:31:16 - INFO - Updated news ID 9473 with embedding
2026-03-24 23:31:19 - INFO - Updated news ID 9474 with embedding
2026-03-24 23:31:22 - INFO - Updated news ID 9475 with embedding
2026-03-24 23:31:24 - INFO - Updated news ID 9477 with embedding
2026-03-24 23:31:25 - INFO - Embedding process complete. Successful: 100, Failed: 0
2026-03-24 23:31:25 - INFO - >>> News embedding completed.
2026-03-24 23:31:25 - INFO - STEP 4: Generating News Images...
2026-03-24 23:32:22 - INFO - >>> News images generated successfully.
2026-03-24 23:32:22 - INFO - ============================================================
2026-03-24 23:32:22 - INFO - UPDATE COMPLETE | Duration: 417.54 seconds
2026-03-24 23:32:22 - INFO - ============================================================

2026-03-24 23:32:22 - INFO - Update cycle finished successfully.
2026-03-24 23:32:22 - INFO - Next update scheduled for: 2026-03-25 05:32:22
2026-03-25 10:04:01 - INFO - ========================================================
2026-03-25 10:04:01 - INFO - NBA DATA CONTINUOUS UPDATE SERVICE STARTED
2026-03-25 10:04:01 - INFO - Frequency: Every 6 hours
2026-03-25 10:04:01 - INFO - ========================================================
2026-03-25 10:04:01 - INFO - Starting scheduled data update...
2026-03-25 10:04:01 - INFO - ============================================================
2026-03-25 10:04:01 - INFO - STARTING AUTOMATED DATA UPDATE
2026-03-25 10:04:01 - INFO - ============================================================
2026-03-25 10:04:01 - INFO - STEP 1: Updating Game Statistics...
2026-03-25 10:04:01 - INFO - >>> Stats update completed successfully.
2026-03-25 10:04:01 - INFO - STEP 2: Updating NBA News...
2026-04-01 00:39:01 - INFO - ========================================================
2026-04-01 00:39:01 - INFO - NBA DATA CONTINUOUS UPDATE SERVICE STARTED
2026-04-01 00:39:01 - INFO - Frequency: Every 6 hours
2026-04-01 00:39:01 - INFO - ========================================================
2026-04-01 00:39:01 - INFO - Starting scheduled data update...
2026-04-01 00:39:01 - INFO - ============================================================
2026-04-01 00:39:01 - INFO - STARTING AUTOMATED DATA UPDATE
2026-04-01 00:39:01 - INFO - ============================================================
2026-04-01 00:39:01 - INFO - STEP 1: Updating Game Statistics...
2026-04-01 00:39:03 - INFO - >>> Stats update completed successfully.
2026-04-01 00:39:03 - INFO - STEP 2: Updating NBA News...
2026-04-01 00:39:42 - INFO - >>> News update completed.
2026-04-01 00:39:42 - INFO - STEP 3: Embedding News Articles...
2026-04-01 00:39:42 - INFO - Creating HNSW index for faster similarity searches...
2026-04-01 00:39:42 - WARNING - Could not create HNSW index: ´íÎó:  column does not have dimensions

2026-04-01 00:39:42 - INFO - Trying IVF index instead...
2026-04-01 00:39:42 - WARNING - Could not create IVF index: ´íÎó:  column does not have dimensions

2026-04-01 00:39:42 - INFO - Continuing without index. Searches will be slower.
2026-04-01 00:39:42 - INFO - Database setup complete
2026-04-01 00:39:44 - INFO - Found 100 news articles without embeddings
2026-04-01 00:39:44 - INFO - Processing batch 1/5 (0/100)
2026-04-01 00:39:49 - INFO - Updated news ID 9478 with embedding
2026-04-01 00:39:52 - INFO - Updated news ID 9479 with embedding
2026-04-01 00:39:55 - INFO - Updated news ID 9481 with embedding
2026-04-01 00:39:58 - INFO - Updated news ID 9482 with embedding
2026-04-01 00:40:01 - INFO - Updated news ID 9486 with embedding
2026-04-01 00:40:03 - INFO - Updated news ID 9485 with embedding
2026-04-01 00:40:06 - INFO - Updated news ID 9480 with embedding
2026-04-01 00:40:09 - INFO - Updated news ID 9487 with embedding
2026-04-01 00:40:12 - INFO - Updated news ID 9488 with embedding
2026-04-01 00:40:15 - INFO - Updated news ID 9491 with embedding
2026-04-01 00:40:18 - INFO - Updated news ID 9490 with embedding
2026-04-01 00:40:21 - INFO - Updated news ID 9489 with embedding
2026-04-01 00:40:24 - INFO - Updated news ID 9492 with embedding
2026-04-01 00:40:28 - INFO - Updated news ID 9493 with embedding
2026-04-01 00:40:31 - INFO - Updated news ID 9494 with embedding
2026-04-01 00:40:34 - INFO - Updated news ID 9495 with embedding
2026-04-01 00:40:37 - INFO - Updated news ID 9497 with embedding
2026-04-01 00:40:40 - INFO - Updated news ID 9499 with embedding
2026-04-01 00:40:43 - INFO - Updated news ID 9498 with embedding
2026-04-01 00:40:46 - INFO - Updated news ID 9500 with embedding
2026-04-01 00:40:46 - INFO - Processing batch 2/5 (20/100)
2026-04-01 00:40:49 - INFO - Updated news ID 9502 with embedding
2026-04-01 00:40:52 - INFO - Updated news ID 9501 with embedding
2026-04-01 00:40:55 - INFO - Updated news ID 9503 with embedding
2026-04-01 00:40:58 - INFO - Updated news ID 9504 with embedding
2026-04-01 00:41:01 - INFO - Updated news ID 9505 with embedding
2026-04-01 00:41:04 - INFO - Updated news ID 9510 with embedding
2026-04-01 00:41:07 - INFO - Updated news ID 9507 with embedding
2026-04-01 00:41:10 - INFO - Updated news ID 9506 with embedding
2026-04-01 00:41:12 - INFO - Updated news ID 9513 with embedding
2026-04-01 00:41:15 - INFO - Updated news ID 9517 with embedding
2026-04-01 00:41:18 - INFO - Updated news ID 9516 with embedding
2026-04-01 00:41:21 - INFO - Updated news ID 9515 with embedding
2026-04-01 00:41:24 - INFO - Updated news ID 9514 with embedding
2026-04-01 00:41:27 - INFO - Updated news ID 9519 with embedding
2026-04-01 00:41:30 - INFO - Updated news ID 9518 with embedding
2026-04-01 00:41:32 - INFO - Updated news ID 9520 with embedding
2026-04-01 00:41:35 - INFO - Updated news ID 9522 with embedding
2026-04-01 00:41:38 - INFO - Updated news ID 9521 with embedding
2026-04-01 00:41:41 - INFO - Updated news ID 9525 with embedding
2026-04-01 00:41:44 - INFO - Updated news ID 9523 with embedding
2026-04-01 00:41:44 - INFO - Processing batch 3/5 (40/100)
2026-04-01 00:41:47 - INFO - Updated news ID 9526 with embedding
2026-04-01 00:41:49 - INFO - Updated news ID 9528 with embedding
2026-04-01 00:41:52 - INFO - Updated news ID 9527 with embedding
2026-04-01 00:41:55 - INFO - Updated news ID 9529 with embedding
2026-04-01 00:41:58 - INFO - Updated news ID 9532 with embedding
2026-04-01 00:42:01 - INFO - Updated news ID 9531 with embedding
2026-04-01 00:42:04 - INFO - Updated news ID 9530 with embedding
2026-04-01 00:42:07 - INFO - Updated news ID 9534 with embedding
2026-04-01 00:42:10 - INFO - Updated news ID 9535 with embedding
2026-04-01 00:42:13 - INFO - Updated news ID 9536 with embedding
2026-04-01 00:42:16 - INFO - Updated news ID 9537 with embedding
2026-04-01 00:42:19 - INFO - Updated news ID 9538 with embedding
2026-04-01 00:42:22 - INFO - Updated news ID 9544 with embedding
2026-04-01 00:42:25 - INFO - Updated news ID 9543 with embedding
2026-04-01 00:42:28 - INFO - Updated news ID 9542 with embedding
2026-04-01 00:42:31 - INFO - Updated news ID 9541 with embedding
2026-04-01 00:42:34 - INFO - Updated news ID 9540 with embedding
2026-04-01 00:42:36 - INFO - Updated news ID 9539 with embedding
2026-04-01 00:42:39 - INFO - Updated news ID 9545 with embedding
2026-04-01 00:42:42 - INFO - Updated news ID 9546 with embedding
2026-04-01 00:42:43 - INFO - Processing batch 4/5 (60/100)
2026-04-01 00:42:45 - INFO - Updated news ID 9547 with embedding
2026-04-01 00:42:48 - INFO - Updated news ID 9548 with embedding
2026-04-01 00:42:51 - INFO - Updated news ID 9550 with embedding
2026-04-01 00:42:54 - INFO - Updated news ID 9549 with embedding
2026-04-01 00:42:57 - INFO - Updated news ID 9551 with embedding
2026-04-01 00:43:00 - INFO - Updated news ID 9552 with embedding
2026-04-01 00:43:03 - INFO - Updated news ID 9555 with embedding
2026-04-01 00:43:05 - INFO - Updated news ID 9554 with embedding
2026-04-01 00:43:09 - INFO - Updated news ID 9553 with embedding
2026-04-01 00:43:11 - INFO - Updated news ID 9556 with embedding
2026-04-01 00:43:14 - INFO - Updated news ID 9559 with embedding
2026-04-01 00:43:17 - INFO - Updated news ID 9558 with embedding
2026-04-01 00:43:20 - INFO - Updated news ID 9560 with embedding
2026-04-01 00:43:23 - INFO - Updated news ID 9562 with embedding
2026-04-01 00:43:26 - INFO - Updated news ID 9564 with embedding
2026-04-01 00:43:29 - INFO - Updated news ID 9566 with embedding
2026-04-01 00:43:32 - INFO - Updated news ID 9565 with embedding
2026-04-01 00:43:35 - INFO - Updated news ID 9567 with embedding
2026-04-01 00:43:38 - INFO - Updated news ID 9568 with embedding
2026-04-01 00:43:41 - INFO - Updated news ID 9569 with embedding
2026-04-01 00:43:41 - INFO - Processing batch 5/5 (80/100)
2026-04-01 00:43:43 - INFO - Updated news ID 9570 with embedding
2026-04-01 00:43:46 - INFO - Updated news ID 9571 with embedding
2026-04-01 00:43:49 - INFO - Updated news ID 9572 with embedding
2026-04-01 00:43:52 - INFO - Updated news ID 9574 with embedding
2026-04-01 00:43:55 - INFO - Updated news ID 9577 with embedding
2026-04-01 00:43:58 - INFO - Updated news ID 9578 with embedding
2026-04-01 00:44:01 - INFO - Updated news ID 9580 with embedding
2026-04-01 00:44:04 - INFO - Updated news ID 9579 with embedding
2026-04-01 00:44:07 - INFO - Updated news ID 9581 with embedding
2026-04-01 00:44:09 - INFO - Updated news ID 9583 with embedding
2026-04-01 00:44:12 - INFO - Updated news ID 9582 with embedding
2026-04-01 00:44:15 - INFO - Updated news ID 9587 with embedding
2026-04-01 00:44:18 - INFO - Updated news ID 9586 with embedding
2026-04-01 00:44:21 - INFO - Updated news ID 9588 with embedding
2026-04-01 00:44:24 - INFO - Updated news ID 9589 with embedding
2026-04-01 00:44:26 - INFO - Updated news ID 9590 with embedding
2026-04-01 00:44:29 - INFO - Updated news ID 9591 with embedding
2026-04-01 00:44:32 - INFO - Updated news ID 9592 with embedding
2026-04-01 00:44:35 - INFO - Updated news ID 9594 with embedding
2026-04-01 00:44:38 - INFO - Updated news ID 9596 with embedding
2026-04-01 00:44:38 - INFO - Embedding process complete. Successful: 100, Failed: 0
2026-04-01 00:44:38 - INFO - >>> News embedding completed.
2026-04-01 00:44:38 - INFO - STEP 4: Generating News Images...
2026-04-01 00:45:31 - INFO - >>> News images generated successfully.
2026-04-01 00:45:31 - INFO - ============================================================
2026-04-01 00:45:31 - INFO - UPDATE COMPLETE | Duration: 389.54 seconds
2026-04-01 00:45:31 - INFO - ============================================================

2026-04-01 00:45:31 - INFO - Update cycle finished successfully.
2026-04-01 00:45:31 - INFO - Next update scheduled for: 2026-04-01 06:45:31
